#! /c/Source/iverilog-install/bin/vvp
:ivl_version "12.0 (devel)" "(s20150603-1110-g18392a46)";
:ivl_delay_selection "TYPICAL";
:vpi_time_precision - 12;
:vpi_module "C:\iverilog\lib\ivl\system.vpi";
:vpi_module "C:\iverilog\lib\ivl\vhdl_sys.vpi";
:vpi_module "C:\iverilog\lib\ivl\vhdl_textio.vpi";
:vpi_module "C:\iverilog\lib\ivl\v2005_math.vpi";
:vpi_module "C:\iverilog\lib\ivl\va_math.vpi";
S_00000129f95d46f0 .scope module, "tb_rca_32_bit" "tb_rca_32_bit" 2 3;
 .timescale -9 -12;
P_00000129f95b9570 .param/l "N" 0 2 5, +C4<00000000000000000000000000100000>;
v00000129f9644820_0 .net "S", 31 0, L_00000129f96535a0;  1 drivers
v00000129f9643060_0 .var "a", 31 0;
v00000129f96436a0_0 .var "b", 31 0;
v00000129f9643100_0 .net "c", 0 0, L_00000129f9655620;  1 drivers
v00000129f9643ba0_0 .var "cin", 0 0;
S_00000129f95d4880 .scope module, "dut" "rca_Nbit" 2 15, 3 31 0, S_00000129f95d46f0;
 .timescale 0 0;
    .port_info 0 /INPUT 32 "a";
    .port_info 1 /INPUT 32 "b";
    .port_info 2 /INPUT 1 "cin";
    .port_info 3 /OUTPUT 32 "S";
    .port_info 4 /OUTPUT 1 "c";
P_00000129f95b8d70 .param/l "N" 0 3 31, +C4<00000000000000000000000000100000>;
L_00000129f965d090 .functor BUFZ 1, v00000129f9643ba0_0, C4<0>, C4<0>, C4<0>;
v00000129f96446e0_0 .net "S", 31 0, L_00000129f96535a0;  alias, 1 drivers
v00000129f96425c0_0 .net *"_ivl_229", 0 0, L_00000129f965d090;  1 drivers
v00000129f9643b00_0 .net "a", 31 0, v00000129f9643060_0;  1 drivers
v00000129f9642ac0_0 .net "b", 31 0, v00000129f96436a0_0;  1 drivers
v00000129f9642e80_0 .net "c", 0 0, L_00000129f9655620;  alias, 1 drivers
v00000129f9642f20_0 .net "cin", 0 0, v00000129f9643ba0_0;  1 drivers
v00000129f9642840_0 .net "co", 32 0, L_00000129f96544a0;  1 drivers
L_00000129f9642200 .part v00000129f9643060_0, 0, 1;
L_00000129f9644780 .part v00000129f96436a0_0, 0, 1;
L_00000129f9643c40 .part L_00000129f96544a0, 0, 1;
L_00000129f9642c00 .part v00000129f9643060_0, 1, 1;
L_00000129f96431a0 .part v00000129f96436a0_0, 1, 1;
L_00000129f96428e0 .part L_00000129f96544a0, 1, 1;
L_00000129f9643240 .part v00000129f9643060_0, 2, 1;
L_00000129f9644460 .part v00000129f96436a0_0, 2, 1;
L_00000129f9643f60 .part L_00000129f96544a0, 2, 1;
L_00000129f9642340 .part v00000129f9643060_0, 3, 1;
L_00000129f9643560 .part v00000129f96436a0_0, 3, 1;
L_00000129f96423e0 .part L_00000129f96544a0, 3, 1;
L_00000129f9642ca0 .part v00000129f9643060_0, 4, 1;
L_00000129f9643740 .part v00000129f96436a0_0, 4, 1;
L_00000129f9642480 .part L_00000129f96544a0, 4, 1;
L_00000129f96437e0 .part v00000129f9643060_0, 5, 1;
L_00000129f9643380 .part v00000129f96436a0_0, 5, 1;
L_00000129f9643420 .part L_00000129f96544a0, 5, 1;
L_00000129f9643ce0 .part v00000129f9643060_0, 6, 1;
L_00000129f9642520 .part v00000129f96436a0_0, 6, 1;
L_00000129f9643ec0 .part L_00000129f96544a0, 6, 1;
L_00000129f9644b40 .part v00000129f9643060_0, 7, 1;
L_00000129f9645360 .part v00000129f96436a0_0, 7, 1;
L_00000129f9644dc0 .part L_00000129f96544a0, 7, 1;
L_00000129f9645040 .part v00000129f9643060_0, 8, 1;
L_00000129f9644c80 .part v00000129f96436a0_0, 8, 1;
L_00000129f9644f00 .part L_00000129f96544a0, 8, 1;
L_00000129f9645180 .part v00000129f9643060_0, 9, 1;
L_00000129f96454a0 .part v00000129f96436a0_0, 9, 1;
L_00000129f9645540 .part L_00000129f96544a0, 9, 1;
L_00000129f9644e60 .part v00000129f9643060_0, 10, 1;
L_00000129f96459a0 .part v00000129f96436a0_0, 10, 1;
L_00000129f9645900 .part L_00000129f96544a0, 10, 1;
L_00000129f96452c0 .part v00000129f9643060_0, 11, 1;
L_00000129f96457c0 .part v00000129f96436a0_0, 11, 1;
L_00000129f9644d20 .part L_00000129f96544a0, 11, 1;
L_00000129f96455e0 .part v00000129f9643060_0, 12, 1;
L_00000129f9645cc0 .part v00000129f96436a0_0, 12, 1;
L_00000129f9645860 .part L_00000129f96544a0, 12, 1;
L_00000129f9645680 .part v00000129f9643060_0, 13, 1;
L_00000129f9645a40 .part v00000129f96436a0_0, 13, 1;
L_00000129f96450e0 .part L_00000129f96544a0, 13, 1;
L_00000129f9645d60 .part v00000129f9643060_0, 14, 1;
L_00000129f9645e00 .part v00000129f96436a0_0, 14, 1;
L_00000129f9645720 .part L_00000129f96544a0, 14, 1;
L_00000129f9645ae0 .part v00000129f9643060_0, 15, 1;
L_00000129f9645b80 .part v00000129f96436a0_0, 15, 1;
L_00000129f9645220 .part L_00000129f96544a0, 15, 1;
L_00000129f9645ea0 .part v00000129f9643060_0, 16, 1;
L_00000129f9645f40 .part v00000129f96436a0_0, 16, 1;
L_00000129f9645fe0 .part L_00000129f96544a0, 16, 1;
L_00000129f9645400 .part v00000129f9643060_0, 17, 1;
L_00000129f9645c20 .part v00000129f96436a0_0, 17, 1;
L_00000129f9646080 .part L_00000129f96544a0, 17, 1;
L_00000129f9644a00 .part v00000129f9643060_0, 18, 1;
L_00000129f9644aa0 .part v00000129f96436a0_0, 18, 1;
L_00000129f9644fa0 .part L_00000129f96544a0, 18, 1;
L_00000129f9644be0 .part v00000129f9643060_0, 19, 1;
L_00000129f9653640 .part v00000129f96436a0_0, 19, 1;
L_00000129f9653f00 .part L_00000129f96544a0, 19, 1;
L_00000129f9653280 .part v00000129f9643060_0, 20, 1;
L_00000129f9654f40 .part v00000129f96436a0_0, 20, 1;
L_00000129f9654d60 .part L_00000129f96544a0, 20, 1;
L_00000129f96558a0 .part v00000129f9643060_0, 21, 1;
L_00000129f9653c80 .part v00000129f96436a0_0, 21, 1;
L_00000129f9655800 .part L_00000129f96544a0, 21, 1;
L_00000129f9654e00 .part v00000129f9643060_0, 22, 1;
L_00000129f9653b40 .part v00000129f96436a0_0, 22, 1;
L_00000129f9654180 .part L_00000129f96544a0, 22, 1;
L_00000129f9654220 .part v00000129f9643060_0, 23, 1;
L_00000129f9654900 .part v00000129f96436a0_0, 23, 1;
L_00000129f96545e0 .part L_00000129f96544a0, 23, 1;
L_00000129f9654fe0 .part v00000129f9643060_0, 24, 1;
L_00000129f9655440 .part v00000129f96436a0_0, 24, 1;
L_00000129f9655300 .part L_00000129f96544a0, 24, 1;
L_00000129f9654a40 .part v00000129f9643060_0, 25, 1;
L_00000129f9653aa0 .part v00000129f96436a0_0, 25, 1;
L_00000129f96538c0 .part L_00000129f96544a0, 25, 1;
L_00000129f9655940 .part v00000129f9643060_0, 26, 1;
L_00000129f96536e0 .part v00000129f96436a0_0, 26, 1;
L_00000129f9654720 .part L_00000129f96544a0, 26, 1;
L_00000129f9655760 .part v00000129f9643060_0, 27, 1;
L_00000129f9654c20 .part v00000129f96436a0_0, 27, 1;
L_00000129f96542c0 .part L_00000129f96544a0, 27, 1;
L_00000129f9655260 .part v00000129f9643060_0, 28, 1;
L_00000129f9655080 .part v00000129f96436a0_0, 28, 1;
L_00000129f9654680 .part L_00000129f96544a0, 28, 1;
L_00000129f9653500 .part v00000129f9643060_0, 29, 1;
L_00000129f9654360 .part v00000129f96436a0_0, 29, 1;
L_00000129f9653320 .part L_00000129f96544a0, 29, 1;
L_00000129f9653780 .part v00000129f9643060_0, 30, 1;
L_00000129f9653fa0 .part v00000129f96436a0_0, 30, 1;
L_00000129f9654400 .part L_00000129f96544a0, 30, 1;
L_00000129f9654040 .part v00000129f9643060_0, 31, 1;
L_00000129f96549a0 .part v00000129f96436a0_0, 31, 1;
L_00000129f96540e0 .part L_00000129f96544a0, 31, 1;
LS_00000129f96535a0_0_0 .concat8 [ 1 1 1 1], L_00000129f95c48c0, L_00000129f96487c0, L_00000129f9648b40, L_00000129f9648bb0;
LS_00000129f96535a0_0_4 .concat8 [ 1 1 1 1], L_00000129f9648440, L_00000129f9649010, L_00000129f9648360, L_00000129f96488a0;
LS_00000129f96535a0_0_8 .concat8 [ 1 1 1 1], L_00000129f964c110, L_00000129f964bb60, L_00000129f964ba10, L_00000129f964b620;
LS_00000129f96535a0_0_12 .concat8 [ 1 1 1 1], L_00000129f964b5b0, L_00000129f964b9a0, L_00000129f964b540, L_00000129f964c400;
LS_00000129f96535a0_0_16 .concat8 [ 1 1 1 1], L_00000129f964c240, L_00000129f964cfd0, L_00000129f964c550, L_00000129f964ce10;
LS_00000129f96535a0_0_20 .concat8 [ 1 1 1 1], L_00000129f964cef0, L_00000129f964c2b0, L_00000129f965b9f0, L_00000129f965c160;
LS_00000129f96535a0_0_24 .concat8 [ 1 1 1 1], L_00000129f965bb40, L_00000129f965b360, L_00000129f965bd70, L_00000129f965b7c0;
LS_00000129f96535a0_0_28 .concat8 [ 1 1 1 1], L_00000129f965b3d0, L_00000129f965d410, L_00000129f965cb50, L_00000129f965ced0;
LS_00000129f96535a0_1_0 .concat8 [ 4 4 4 4], LS_00000129f96535a0_0_0, LS_00000129f96535a0_0_4, LS_00000129f96535a0_0_8, LS_00000129f96535a0_0_12;
LS_00000129f96535a0_1_4 .concat8 [ 4 4 4 4], LS_00000129f96535a0_0_16, LS_00000129f96535a0_0_20, LS_00000129f96535a0_0_24, LS_00000129f96535a0_0_28;
L_00000129f96535a0 .concat8 [ 16 16 0 0], LS_00000129f96535a0_1_0, LS_00000129f96535a0_1_4;
LS_00000129f96544a0_0_0 .concat8 [ 1 1 1 1], L_00000129f965d090, L_00000129f9648c20, L_00000129f9648520, L_00000129f9648830;
LS_00000129f96544a0_0_4 .concat8 [ 1 1 1 1], L_00000129f9648fa0, L_00000129f9648750, L_00000129f96490f0, L_00000129f9648670;
LS_00000129f96544a0_0_8 .concat8 [ 1 1 1 1], L_00000129f964b380, L_00000129f964baf0, L_00000129f964b2a0, L_00000129f964be00;
LS_00000129f96544a0_0_12 .concat8 [ 1 1 1 1], L_00000129f964bc40, L_00000129f964b3f0, L_00000129f964bee0, L_00000129f964c4e0;
LS_00000129f96544a0_0_16 .concat8 [ 1 1 1 1], L_00000129f964c470, L_00000129f964c940, L_00000129f964cda0, L_00000129f964c630;
LS_00000129f96544a0_0_20 .concat8 [ 1 1 1 1], L_00000129f964c710, L_00000129f964d040, L_00000129f965bc90, L_00000129f965b440;
LS_00000129f96544a0_0_24 .concat8 [ 1 1 1 1], L_00000129f965bbb0, L_00000129f965bec0, L_00000129f965bf30, L_00000129f965bde0;
LS_00000129f96544a0_0_28 .concat8 [ 1 1 1 1], L_00000129f965c010, L_00000129f965dcd0, L_00000129f965cdf0, L_00000129f965d9c0;
LS_00000129f96544a0_0_32 .concat8 [ 1 0 0 0], L_00000129f965d1e0;
LS_00000129f96544a0_1_0 .concat8 [ 4 4 4 4], LS_00000129f96544a0_0_0, LS_00000129f96544a0_0_4, LS_00000129f96544a0_0_8, LS_00000129f96544a0_0_12;
LS_00000129f96544a0_1_4 .concat8 [ 4 4 4 4], LS_00000129f96544a0_0_16, LS_00000129f96544a0_0_20, LS_00000129f96544a0_0_24, LS_00000129f96544a0_0_28;
LS_00000129f96544a0_1_8 .concat8 [ 1 0 0 0], LS_00000129f96544a0_0_32;
L_00000129f96544a0 .concat8 [ 16 16 1 0], LS_00000129f96544a0_1_0, LS_00000129f96544a0_1_4, LS_00000129f96544a0_1_8;
L_00000129f9655620 .part L_00000129f96544a0, 32, 1;
S_00000129f952a810 .scope generate, "genblk1[0]" "genblk1[0]" 3 40, 3 40 0, S_00000129f95d4880;
 .timescale 0 0;
P_00000129f95b90f0 .param/l "i" 0 3 40, +C4<00>;
S_00000129f952a9a0 .scope module, "fi" "full_adder" 3 42, 3 11 0, S_00000129f952a810;
 .timescale 0 0;
    .port_info 0 /INPUT 1 "a";
    .port_info 1 /INPUT 1 "b";
    .port_info 2 /INPUT 1 "cin";
    .port_info 3 /OUTPUT 1 "S";
    .port_info 4 /OUTPUT 1 "c";
L_00000129f9648c20 .functor OR 1, L_00000129f95c4850, L_00000129f96484b0, C4<0>, C4<0>;
v00000129f95c95a0_0 .net "S", 0 0, L_00000129f95c48c0;  1 drivers
v00000129f95ca7c0_0 .net "a", 0 0, L_00000129f9642200;  1 drivers
v00000129f95ca5e0_0 .net "b", 0 0, L_00000129f9644780;  1 drivers
v00000129f95ca860_0 .net "c", 0 0, L_00000129f9648c20;  1 drivers
v00000129f95c9640_0 .net "carry_1", 0 0, L_00000129f95c4850;  1 drivers
v00000129f95c9a00_0 .net "carry_2", 0 0, L_00000129f96484b0;  1 drivers
v00000129f95c9000_0 .net "cin", 0 0, L_00000129f9643c40;  1 drivers
v00000129f95c9320_0 .net "sum_1", 0 0, L_00000129f95c4000;  1 drivers
S_00000129f952ab30 .scope module, "ha1" "half_adder" 3 20, 3 1 0, S_00000129f952a9a0;
 .timescale 0 0;
    .port_info 0 /INPUT 1 "a";
    .port_info 1 /INPUT 1 "b";
    .port_info 2 /OUTPUT 1 "S";
    .port_info 3 /OUTPUT 1 "c";
L_00000129f95c4000 .functor XOR 1, L_00000129f9642200, L_00000129f9644780, C4<0>, C4<0>;
L_00000129f95c4850 .functor AND 1, L_00000129f9642200, L_00000129f9644780, C4<1>, C4<1>;
v00000129f95c9500_0 .net "S", 0 0, L_00000129f95c4000;  alias, 1 drivers
v00000129f95c90a0_0 .net "a", 0 0, L_00000129f9642200;  alias, 1 drivers
v00000129f95c9fa0_0 .net "b", 0 0, L_00000129f9644780;  alias, 1 drivers
v00000129f95c96e0_0 .net "c", 0 0, L_00000129f95c4850;  alias, 1 drivers
S_00000129f9525d90 .scope module, "ha2" "half_adder" 3 21, 3 1 0, S_00000129f952a9a0;
 .timescale 0 0;
    .port_info 0 /INPUT 1 "a";
    .port_info 1 /INPUT 1 "b";
    .port_info 2 /OUTPUT 1 "S";
    .port_info 3 /OUTPUT 1 "c";
L_00000129f95c48c0 .functor XOR 1, L_00000129f95c4000, L_00000129f9643c40, C4<0>, C4<0>;
L_00000129f96484b0 .functor AND 1, L_00000129f95c4000, L_00000129f9643c40, C4<1>, C4<1>;
v00000129f95c93c0_0 .net "S", 0 0, L_00000129f95c48c0;  alias, 1 drivers
v00000129f95ca0e0_0 .net "a", 0 0, L_00000129f95c4000;  alias, 1 drivers
v00000129f95ca220_0 .net "b", 0 0, L_00000129f9643c40;  alias, 1 drivers
v00000129f95ca540_0 .net "c", 0 0, L_00000129f96484b0;  alias, 1 drivers
S_00000129f9525f20 .scope generate, "genblk1[1]" "genblk1[1]" 3 40, 3 40 0, S_00000129f95d4880;
 .timescale 0 0;
P_00000129f95b9770 .param/l "i" 0 3 40, +C4<01>;
S_00000129f95260b0 .scope module, "fi" "full_adder" 3 42, 3 11 0, S_00000129f9525f20;
 .timescale 0 0;
    .port_info 0 /INPUT 1 "a";
    .port_info 1 /INPUT 1 "b";
    .port_info 2 /INPUT 1 "cin";
    .port_info 3 /OUTPUT 1 "S";
    .port_info 4 /OUTPUT 1 "c";
L_00000129f9648520 .functor OR 1, L_00000129f9648910, L_00000129f9648ec0, C4<0>, C4<0>;
v00000129f9588170_0 .net "S", 0 0, L_00000129f96487c0;  1 drivers
v00000129f9588df0_0 .net "a", 0 0, L_00000129f9642c00;  1 drivers
v00000129f9588350_0 .net "b", 0 0, L_00000129f96431a0;  1 drivers
v00000129f95887b0_0 .net "c", 0 0, L_00000129f9648520;  1 drivers
v00000129f9589110_0 .net "carry_1", 0 0, L_00000129f9648910;  1 drivers
v00000129f9588f30_0 .net "carry_2", 0 0, L_00000129f9648ec0;  1 drivers
v00000129f9588c10_0 .net "cin", 0 0, L_00000129f96428e0;  1 drivers
v00000129f9588fd0_0 .net "sum_1", 0 0, L_00000129f9648de0;  1 drivers
S_00000129f94f2ce0 .scope module, "ha1" "half_adder" 3 20, 3 1 0, S_00000129f95260b0;
 .timescale 0 0;
    .port_info 0 /INPUT 1 "a";
    .port_info 1 /INPUT 1 "b";
    .port_info 2 /OUTPUT 1 "S";
    .port_info 3 /OUTPUT 1 "c";
L_00000129f9648de0 .functor XOR 1, L_00000129f9642c00, L_00000129f96431a0, C4<0>, C4<0>;
L_00000129f9648910 .functor AND 1, L_00000129f9642c00, L_00000129f96431a0, C4<1>, C4<1>;
v00000129f95ca2c0_0 .net "S", 0 0, L_00000129f9648de0;  alias, 1 drivers
v00000129f95c9820_0 .net "a", 0 0, L_00000129f9642c00;  alias, 1 drivers
v00000129f95ca360_0 .net "b", 0 0, L_00000129f96431a0;  alias, 1 drivers
v00000129f95ca900_0 .net "c", 0 0, L_00000129f9648910;  alias, 1 drivers
S_00000129f94f2e70 .scope module, "ha2" "half_adder" 3 21, 3 1 0, S_00000129f95260b0;
 .timescale 0 0;
    .port_info 0 /INPUT 1 "a";
    .port_info 1 /INPUT 1 "b";
    .port_info 2 /OUTPUT 1 "S";
    .port_info 3 /OUTPUT 1 "c";
L_00000129f96487c0 .functor XOR 1, L_00000129f9648de0, L_00000129f96428e0, C4<0>, C4<0>;
L_00000129f9648ec0 .functor AND 1, L_00000129f9648de0, L_00000129f96428e0, C4<1>, C4<1>;
v00000129f95caa40_0 .net "S", 0 0, L_00000129f96487c0;  alias, 1 drivers
v00000129f95c8d80_0 .net "a", 0 0, L_00000129f9648de0;  alias, 1 drivers
v00000129f95c8ec0_0 .net "b", 0 0, L_00000129f96428e0;  alias, 1 drivers
v00000129f95c8f60_0 .net "c", 0 0, L_00000129f9648ec0;  alias, 1 drivers
S_00000129f94f3000 .scope generate, "genblk1[2]" "genblk1[2]" 3 40, 3 40 0, S_00000129f95d4880;
 .timescale 0 0;
P_00000129f95b9330 .param/l "i" 0 3 40, +C4<010>;
S_00000129f95ddf80 .scope module, "fi" "full_adder" 3 42, 3 11 0, S_00000129f94f3000;
 .timescale 0 0;
    .port_info 0 /INPUT 1 "a";
    .port_info 1 /INPUT 1 "b";
    .port_info 2 /INPUT 1 "cin";
    .port_info 3 /OUTPUT 1 "S";
    .port_info 4 /OUTPUT 1 "c";
L_00000129f9648830 .functor OR 1, L_00000129f96489f0, L_00000129f9648a60, C4<0>, C4<0>;
v00000129f959c800_0 .net "S", 0 0, L_00000129f9648b40;  1 drivers
v00000129f959c940_0 .net "a", 0 0, L_00000129f9643240;  1 drivers
v00000129f959b9a0_0 .net "b", 0 0, L_00000129f9644460;  1 drivers
v00000129f959d3e0_0 .net "c", 0 0, L_00000129f9648830;  1 drivers
v00000129f95a7170_0 .net "carry_1", 0 0, L_00000129f96489f0;  1 drivers
v00000129f95a7a30_0 .net "carry_2", 0 0, L_00000129f9648a60;  1 drivers
v00000129f95a6c70_0 .net "cin", 0 0, L_00000129f9643f60;  1 drivers
v00000129f95a82f0_0 .net "sum_1", 0 0, L_00000129f9648590;  1 drivers
S_00000129f95de110 .scope module, "ha1" "half_adder" 3 20, 3 1 0, S_00000129f95ddf80;
 .timescale 0 0;
    .port_info 0 /INPUT 1 "a";
    .port_info 1 /INPUT 1 "b";
    .port_info 2 /OUTPUT 1 "S";
    .port_info 3 /OUTPUT 1 "c";
L_00000129f9648590 .functor XOR 1, L_00000129f9643240, L_00000129f9644460, C4<0>, C4<0>;
L_00000129f96489f0 .functor AND 1, L_00000129f9643240, L_00000129f9644460, C4<1>, C4<1>;
v00000129f95892f0_0 .net "S", 0 0, L_00000129f9648590;  alias, 1 drivers
v00000129f9589610_0 .net "a", 0 0, L_00000129f9643240;  alias, 1 drivers
v00000129f959bd60_0 .net "b", 0 0, L_00000129f9644460;  alias, 1 drivers
v00000129f959b900_0 .net "c", 0 0, L_00000129f96489f0;  alias, 1 drivers
S_00000129f95de2a0 .scope module, "ha2" "half_adder" 3 21, 3 1 0, S_00000129f95ddf80;
 .timescale 0 0;
    .port_info 0 /INPUT 1 "a";
    .port_info 1 /INPUT 1 "b";
    .port_info 2 /OUTPUT 1 "S";
    .port_info 3 /OUTPUT 1 "c";
L_00000129f9648b40 .functor XOR 1, L_00000129f9648590, L_00000129f9643f60, C4<0>, C4<0>;
L_00000129f9648a60 .functor AND 1, L_00000129f9648590, L_00000129f9643f60, C4<1>, C4<1>;
v00000129f959c760_0 .net "S", 0 0, L_00000129f9648b40;  alias, 1 drivers
v00000129f959bc20_0 .net "a", 0 0, L_00000129f9648590;  alias, 1 drivers
v00000129f959d700_0 .net "b", 0 0, L_00000129f9643f60;  alias, 1 drivers
v00000129f959cf80_0 .net "c", 0 0, L_00000129f9648a60;  alias, 1 drivers
S_00000129f95de430 .scope generate, "genblk1[3]" "genblk1[3]" 3 40, 3 40 0, S_00000129f95d4880;
 .timescale 0 0;
P_00000129f95b8e30 .param/l "i" 0 3 40, +C4<011>;
S_00000129f95de5c0 .scope module, "fi" "full_adder" 3 42, 3 11 0, S_00000129f95de430;
 .timescale 0 0;
    .port_info 0 /INPUT 1 "a";
    .port_info 1 /INPUT 1 "b";
    .port_info 2 /INPUT 1 "cin";
    .port_info 3 /OUTPUT 1 "S";
    .port_info 4 /OUTPUT 1 "c";
L_00000129f9648fa0 .functor OR 1, L_00000129f9648f30, L_00000129f9648210, C4<0>, C4<0>;
v00000129f95b54e0_0 .net "S", 0 0, L_00000129f9648bb0;  1 drivers
v00000129f95b56c0_0 .net "a", 0 0, L_00000129f9642340;  1 drivers
v00000129f95b5a80_0 .net "b", 0 0, L_00000129f9643560;  1 drivers
v00000129f95b5d00_0 .net "c", 0 0, L_00000129f9648fa0;  1 drivers
v00000129f95b5b20_0 .net "carry_1", 0 0, L_00000129f9648f30;  1 drivers
v00000129f95b5f80_0 .net "carry_2", 0 0, L_00000129f9648210;  1 drivers
v00000129f95b6520_0 .net "cin", 0 0, L_00000129f96423e0;  1 drivers
v00000129f95b4b80_0 .net "sum_1", 0 0, L_00000129f9648980;  1 drivers
S_00000129f95de750 .scope module, "ha1" "half_adder" 3 20, 3 1 0, S_00000129f95de5c0;
 .timescale 0 0;
    .port_info 0 /INPUT 1 "a";
    .port_info 1 /INPUT 1 "b";
    .port_info 2 /OUTPUT 1 "S";
    .port_info 3 /OUTPUT 1 "c";
L_00000129f9648980 .functor XOR 1, L_00000129f9642340, L_00000129f9643560, C4<0>, C4<0>;
L_00000129f9648f30 .functor AND 1, L_00000129f9642340, L_00000129f9643560, C4<1>, C4<1>;
v00000129f95a7fd0_0 .net "S", 0 0, L_00000129f9648980;  alias, 1 drivers
v00000129f95a6d10_0 .net "a", 0 0, L_00000129f9642340;  alias, 1 drivers
v00000129f95a7ad0_0 .net "b", 0 0, L_00000129f9643560;  alias, 1 drivers
v00000129f95a6e50_0 .net "c", 0 0, L_00000129f9648f30;  alias, 1 drivers
S_00000129f961dc20 .scope module, "ha2" "half_adder" 3 21, 3 1 0, S_00000129f95de5c0;
 .timescale 0 0;
    .port_info 0 /INPUT 1 "a";
    .port_info 1 /INPUT 1 "b";
    .port_info 2 /OUTPUT 1 "S";
    .port_info 3 /OUTPUT 1 "c";
L_00000129f9648bb0 .functor XOR 1, L_00000129f9648980, L_00000129f96423e0, C4<0>, C4<0>;
L_00000129f9648210 .functor AND 1, L_00000129f9648980, L_00000129f96423e0, C4<1>, C4<1>;
v00000129f95a7350_0 .net "S", 0 0, L_00000129f9648bb0;  alias, 1 drivers
v00000129f95a7490_0 .net "a", 0 0, L_00000129f9648980;  alias, 1 drivers
v00000129f95b62a0_0 .net "b", 0 0, L_00000129f96423e0;  alias, 1 drivers
v00000129f95b5260_0 .net "c", 0 0, L_00000129f9648210;  alias, 1 drivers
S_00000129f961d5e0 .scope generate, "genblk1[4]" "genblk1[4]" 3 40, 3 40 0, S_00000129f95d4880;
 .timescale 0 0;
P_00000129f95b8ef0 .param/l "i" 0 3 40, +C4<0100>;
S_00000129f961d2c0 .scope module, "fi" "full_adder" 3 42, 3 11 0, S_00000129f961d5e0;
 .timescale 0 0;
    .port_info 0 /INPUT 1 "a";
    .port_info 1 /INPUT 1 "b";
    .port_info 2 /INPUT 1 "cin";
    .port_info 3 /OUTPUT 1 "S";
    .port_info 4 /OUTPUT 1 "c";
L_00000129f9648750 .functor OR 1, L_00000129f9648c90, L_00000129f9648d00, C4<0>, C4<0>;
v00000129f95c1f60_0 .net "S", 0 0, L_00000129f9648440;  1 drivers
v00000129f95c2140_0 .net "a", 0 0, L_00000129f9642ca0;  1 drivers
v00000129f9586650_0 .net "b", 0 0, L_00000129f9643740;  1 drivers
v00000129f9586970_0 .net "c", 0 0, L_00000129f9648750;  1 drivers
v00000129f9585c50_0 .net "carry_1", 0 0, L_00000129f9648c90;  1 drivers
v00000129f9586010_0 .net "carry_2", 0 0, L_00000129f9648d00;  1 drivers
v00000129f961ea00_0 .net "cin", 0 0, L_00000129f9642480;  1 drivers
v00000129f961fb80_0 .net "sum_1", 0 0, L_00000129f9648ad0;  1 drivers
S_00000129f961d450 .scope module, "ha1" "half_adder" 3 20, 3 1 0, S_00000129f961d2c0;
 .timescale 0 0;
    .port_info 0 /INPUT 1 "a";
    .port_info 1 /INPUT 1 "b";
    .port_info 2 /OUTPUT 1 "S";
    .port_info 3 /OUTPUT 1 "c";
L_00000129f9648ad0 .functor XOR 1, L_00000129f9642ca0, L_00000129f9643740, C4<0>, C4<0>;
L_00000129f9648c90 .functor AND 1, L_00000129f9642ca0, L_00000129f9643740, C4<1>, C4<1>;
v00000129f95c2960_0 .net "S", 0 0, L_00000129f9648ad0;  alias, 1 drivers
v00000129f95c25a0_0 .net "a", 0 0, L_00000129f9642ca0;  alias, 1 drivers
v00000129f95c2aa0_0 .net "b", 0 0, L_00000129f9643740;  alias, 1 drivers
v00000129f95c1ba0_0 .net "c", 0 0, L_00000129f9648c90;  alias, 1 drivers
S_00000129f961ddb0 .scope module, "ha2" "half_adder" 3 21, 3 1 0, S_00000129f961d2c0;
 .timescale 0 0;
    .port_info 0 /INPUT 1 "a";
    .port_info 1 /INPUT 1 "b";
    .port_info 2 /OUTPUT 1 "S";
    .port_info 3 /OUTPUT 1 "c";
L_00000129f9648440 .functor XOR 1, L_00000129f9648ad0, L_00000129f9642480, C4<0>, C4<0>;
L_00000129f9648d00 .functor AND 1, L_00000129f9648ad0, L_00000129f9642480, C4<1>, C4<1>;
v00000129f95c17e0_0 .net "S", 0 0, L_00000129f9648440;  alias, 1 drivers
v00000129f95c2b40_0 .net "a", 0 0, L_00000129f9648ad0;  alias, 1 drivers
v00000129f95c0d40_0 .net "b", 0 0, L_00000129f9642480;  alias, 1 drivers
v00000129f95c1d80_0 .net "c", 0 0, L_00000129f9648d00;  alias, 1 drivers
S_00000129f961df40 .scope generate, "genblk1[5]" "genblk1[5]" 3 40, 3 40 0, S_00000129f95d4880;
 .timescale 0 0;
P_00000129f95b9170 .param/l "i" 0 3 40, +C4<0101>;
S_00000129f961d770 .scope module, "fi" "full_adder" 3 42, 3 11 0, S_00000129f961df40;
 .timescale 0 0;
    .port_info 0 /INPUT 1 "a";
    .port_info 1 /INPUT 1 "b";
    .port_info 2 /INPUT 1 "cin";
    .port_info 3 /OUTPUT 1 "S";
    .port_info 4 /OUTPUT 1 "c";
L_00000129f96490f0 .functor OR 1, L_00000129f9648d70, L_00000129f9649080, C4<0>, C4<0>;
v00000129f961fc20_0 .net "S", 0 0, L_00000129f9649010;  1 drivers
v00000129f961ffe0_0 .net "a", 0 0, L_00000129f96437e0;  1 drivers
v00000129f961f680_0 .net "b", 0 0, L_00000129f9643380;  1 drivers
v00000129f961e8c0_0 .net "c", 0 0, L_00000129f96490f0;  1 drivers
v00000129f961e640_0 .net "carry_1", 0 0, L_00000129f9648d70;  1 drivers
v00000129f961f360_0 .net "carry_2", 0 0, L_00000129f9649080;  1 drivers
v00000129f961fae0_0 .net "cin", 0 0, L_00000129f9643420;  1 drivers
v00000129f961f860_0 .net "sum_1", 0 0, L_00000129f9648e50;  1 drivers
S_00000129f961d130 .scope module, "ha1" "half_adder" 3 20, 3 1 0, S_00000129f961d770;
 .timescale 0 0;
    .port_info 0 /INPUT 1 "a";
    .port_info 1 /INPUT 1 "b";
    .port_info 2 /OUTPUT 1 "S";
    .port_info 3 /OUTPUT 1 "c";
L_00000129f9648e50 .functor XOR 1, L_00000129f96437e0, L_00000129f9643380, C4<0>, C4<0>;
L_00000129f9648d70 .functor AND 1, L_00000129f96437e0, L_00000129f9643380, C4<1>, C4<1>;
v00000129f961fe00_0 .net "S", 0 0, L_00000129f9648e50;  alias, 1 drivers
v00000129f961f900_0 .net "a", 0 0, L_00000129f96437e0;  alias, 1 drivers
v00000129f961f9a0_0 .net "b", 0 0, L_00000129f9643380;  alias, 1 drivers
v00000129f961fea0_0 .net "c", 0 0, L_00000129f9648d70;  alias, 1 drivers
S_00000129f961d900 .scope module, "ha2" "half_adder" 3 21, 3 1 0, S_00000129f961d770;
 .timescale 0 0;
    .port_info 0 /INPUT 1 "a";
    .port_info 1 /INPUT 1 "b";
    .port_info 2 /OUTPUT 1 "S";
    .port_info 3 /OUTPUT 1 "c";
L_00000129f9649010 .functor XOR 1, L_00000129f9648e50, L_00000129f9643420, C4<0>, C4<0>;
L_00000129f9649080 .functor AND 1, L_00000129f9648e50, L_00000129f9643420, C4<1>, C4<1>;
v00000129f961ebe0_0 .net "S", 0 0, L_00000129f9649010;  alias, 1 drivers
v00000129f961ff40_0 .net "a", 0 0, L_00000129f9648e50;  alias, 1 drivers
v00000129f961f540_0 .net "b", 0 0, L_00000129f9643420;  alias, 1 drivers
v00000129f961e780_0 .net "c", 0 0, L_00000129f9649080;  alias, 1 drivers
S_00000129f961da90 .scope generate, "genblk1[6]" "genblk1[6]" 3 40, 3 40 0, S_00000129f95d4880;
 .timescale 0 0;
P_00000129f95b9230 .param/l "i" 0 3 40, +C4<0110>;
S_00000129f95b0a50 .scope module, "fi" "full_adder" 3 42, 3 11 0, S_00000129f961da90;
 .timescale 0 0;
    .port_info 0 /INPUT 1 "a";
    .port_info 1 /INPUT 1 "b";
    .port_info 2 /INPUT 1 "cin";
    .port_info 3 /OUTPUT 1 "S";
    .port_info 4 /OUTPUT 1 "c";
L_00000129f9648670 .functor OR 1, L_00000129f96482f0, L_00000129f9648600, C4<0>, C4<0>;
v00000129f961ef00_0 .net "S", 0 0, L_00000129f9648360;  1 drivers
v00000129f961e960_0 .net "a", 0 0, L_00000129f9643ce0;  1 drivers
v00000129f961f180_0 .net "b", 0 0, L_00000129f9642520;  1 drivers
v00000129f961f400_0 .net "c", 0 0, L_00000129f9648670;  1 drivers
v00000129f961e1e0_0 .net "carry_1", 0 0, L_00000129f96482f0;  1 drivers
v00000129f961eaa0_0 .net "carry_2", 0 0, L_00000129f9648600;  1 drivers
v00000129f961f5e0_0 .net "cin", 0 0, L_00000129f9643ec0;  1 drivers
v00000129f961e500_0 .net "sum_1", 0 0, L_00000129f9648280;  1 drivers
S_00000129f95aff60 .scope module, "ha1" "half_adder" 3 20, 3 1 0, S_00000129f95b0a50;
 .timescale 0 0;
    .port_info 0 /INPUT 1 "a";
    .port_info 1 /INPUT 1 "b";
    .port_info 2 /OUTPUT 1 "S";
    .port_info 3 /OUTPUT 1 "c";
L_00000129f9648280 .functor XOR 1, L_00000129f9643ce0, L_00000129f9642520, C4<0>, C4<0>;
L_00000129f96482f0 .functor AND 1, L_00000129f9643ce0, L_00000129f9642520, C4<1>, C4<1>;
v00000129f961f4a0_0 .net "S", 0 0, L_00000129f9648280;  alias, 1 drivers
v00000129f961e140_0 .net "a", 0 0, L_00000129f9643ce0;  alias, 1 drivers
v00000129f961ed20_0 .net "b", 0 0, L_00000129f9642520;  alias, 1 drivers
v00000129f961eb40_0 .net "c", 0 0, L_00000129f96482f0;  alias, 1 drivers
S_00000129f95b0410 .scope module, "ha2" "half_adder" 3 21, 3 1 0, S_00000129f95b0a50;
 .timescale 0 0;
    .port_info 0 /INPUT 1 "a";
    .port_info 1 /INPUT 1 "b";
    .port_info 2 /OUTPUT 1 "S";
    .port_info 3 /OUTPUT 1 "c";
L_00000129f9648360 .functor XOR 1, L_00000129f9648280, L_00000129f9643ec0, C4<0>, C4<0>;
L_00000129f9648600 .functor AND 1, L_00000129f9648280, L_00000129f9643ec0, C4<1>, C4<1>;
v00000129f961f0e0_0 .net "S", 0 0, L_00000129f9648360;  alias, 1 drivers
v00000129f961ec80_0 .net "a", 0 0, L_00000129f9648280;  alias, 1 drivers
v00000129f961efa0_0 .net "b", 0 0, L_00000129f9643ec0;  alias, 1 drivers
v00000129f961f040_0 .net "c", 0 0, L_00000129f9648600;  alias, 1 drivers
S_00000129f95b16d0 .scope generate, "genblk1[7]" "genblk1[7]" 3 40, 3 40 0, S_00000129f95d4880;
 .timescale 0 0;
P_00000129f95b8ff0 .param/l "i" 0 3 40, +C4<0111>;
S_00000129f95afab0 .scope module, "fi" "full_adder" 3 42, 3 11 0, S_00000129f95b16d0;
 .timescale 0 0;
    .port_info 0 /INPUT 1 "a";
    .port_info 1 /INPUT 1 "b";
    .port_info 2 /INPUT 1 "cin";
    .port_info 3 /OUTPUT 1 "S";
    .port_info 4 /OUTPUT 1 "c";
L_00000129f964b380 .functor OR 1, L_00000129f96486e0, L_00000129f964ba80, C4<0>, C4<0>;
v00000129f961fa40_0 .net "S", 0 0, L_00000129f96488a0;  1 drivers
v00000129f961e820_0 .net "a", 0 0, L_00000129f9644b40;  1 drivers
v00000129f961fcc0_0 .net "b", 0 0, L_00000129f9645360;  1 drivers
v00000129f961fd60_0 .net "c", 0 0, L_00000129f964b380;  1 drivers
v00000129f961e3c0_0 .net "carry_1", 0 0, L_00000129f96486e0;  1 drivers
v00000129f961e460_0 .net "carry_2", 0 0, L_00000129f964ba80;  1 drivers
v00000129f961e5a0_0 .net "cin", 0 0, L_00000129f9644dc0;  1 drivers
v00000129f961e6e0_0 .net "sum_1", 0 0, L_00000129f96483d0;  1 drivers
S_00000129f95b00f0 .scope module, "ha1" "half_adder" 3 20, 3 1 0, S_00000129f95afab0;
 .timescale 0 0;
    .port_info 0 /INPUT 1 "a";
    .port_info 1 /INPUT 1 "b";
    .port_info 2 /OUTPUT 1 "S";
    .port_info 3 /OUTPUT 1 "c";
L_00000129f96483d0 .functor XOR 1, L_00000129f9644b40, L_00000129f9645360, C4<0>, C4<0>;
L_00000129f96486e0 .functor AND 1, L_00000129f9644b40, L_00000129f9645360, C4<1>, C4<1>;
v00000129f961edc0_0 .net "S", 0 0, L_00000129f96483d0;  alias, 1 drivers
v00000129f961f220_0 .net "a", 0 0, L_00000129f9644b40;  alias, 1 drivers
v00000129f961f2c0_0 .net "b", 0 0, L_00000129f9645360;  alias, 1 drivers
v00000129f961e280_0 .net "c", 0 0, L_00000129f96486e0;  alias, 1 drivers
S_00000129f95b0d70 .scope module, "ha2" "half_adder" 3 21, 3 1 0, S_00000129f95afab0;
 .timescale 0 0;
    .port_info 0 /INPUT 1 "a";
    .port_info 1 /INPUT 1 "b";
    .port_info 2 /OUTPUT 1 "S";
    .port_info 3 /OUTPUT 1 "c";
L_00000129f96488a0 .functor XOR 1, L_00000129f96483d0, L_00000129f9644dc0, C4<0>, C4<0>;
L_00000129f964ba80 .functor AND 1, L_00000129f96483d0, L_00000129f9644dc0, C4<1>, C4<1>;
v00000129f961ee60_0 .net "S", 0 0, L_00000129f96488a0;  alias, 1 drivers
v00000129f961e320_0 .net "a", 0 0, L_00000129f96483d0;  alias, 1 drivers
v00000129f961f720_0 .net "b", 0 0, L_00000129f9644dc0;  alias, 1 drivers
v00000129f961f7c0_0 .net "c", 0 0, L_00000129f964ba80;  alias, 1 drivers
S_00000129f95b0f00 .scope generate, "genblk1[8]" "genblk1[8]" 3 40, 3 40 0, S_00000129f95d4880;
 .timescale 0 0;
P_00000129f95b9030 .param/l "i" 0 3 40, +C4<01000>;
S_00000129f95b13b0 .scope module, "fi" "full_adder" 3 42, 3 11 0, S_00000129f95b0f00;
 .timescale 0 0;
    .port_info 0 /INPUT 1 "a";
    .port_info 1 /INPUT 1 "b";
    .port_info 2 /INPUT 1 "cin";
    .port_info 3 /OUTPUT 1 "S";
    .port_info 4 /OUTPUT 1 "c";
L_00000129f964baf0 .functor OR 1, L_00000129f964b460, L_00000129f964bd90, C4<0>, C4<0>;
v00000129f9621190_0 .net "S", 0 0, L_00000129f964c110;  1 drivers
v00000129f9621af0_0 .net "a", 0 0, L_00000129f9645040;  1 drivers
v00000129f96217d0_0 .net "b", 0 0, L_00000129f9644c80;  1 drivers
v00000129f96206f0_0 .net "c", 0 0, L_00000129f964baf0;  1 drivers
v00000129f9621910_0 .net "carry_1", 0 0, L_00000129f964b460;  1 drivers
v00000129f96212d0_0 .net "carry_2", 0 0, L_00000129f964bd90;  1 drivers
v00000129f9620fb0_0 .net "cin", 0 0, L_00000129f9644f00;  1 drivers
v00000129f9621230_0 .net "sum_1", 0 0, L_00000129f964c0a0;  1 drivers
S_00000129f95b1220 .scope module, "ha1" "half_adder" 3 20, 3 1 0, S_00000129f95b13b0;
 .timescale 0 0;
    .port_info 0 /INPUT 1 "a";
    .port_info 1 /INPUT 1 "b";
    .port_info 2 /OUTPUT 1 "S";
    .port_info 3 /OUTPUT 1 "c";
L_00000129f964c0a0 .functor XOR 1, L_00000129f9645040, L_00000129f9644c80, C4<0>, C4<0>;
L_00000129f964b460 .functor AND 1, L_00000129f9645040, L_00000129f9644c80, C4<1>, C4<1>;
v00000129f9620b50_0 .net "S", 0 0, L_00000129f964c0a0;  alias, 1 drivers
v00000129f9621050_0 .net "a", 0 0, L_00000129f9645040;  alias, 1 drivers
v00000129f96205b0_0 .net "b", 0 0, L_00000129f9644c80;  alias, 1 drivers
v00000129f9620bf0_0 .net "c", 0 0, L_00000129f964b460;  alias, 1 drivers
S_00000129f95afdd0 .scope module, "ha2" "half_adder" 3 21, 3 1 0, S_00000129f95b13b0;
 .timescale 0 0;
    .port_info 0 /INPUT 1 "a";
    .port_info 1 /INPUT 1 "b";
    .port_info 2 /OUTPUT 1 "S";
    .port_info 3 /OUTPUT 1 "c";
L_00000129f964c110 .functor XOR 1, L_00000129f964c0a0, L_00000129f9644f00, C4<0>, C4<0>;
L_00000129f964bd90 .functor AND 1, L_00000129f964c0a0, L_00000129f9644f00, C4<1>, C4<1>;
v00000129f96210f0_0 .net "S", 0 0, L_00000129f964c110;  alias, 1 drivers
v00000129f9620650_0 .net "a", 0 0, L_00000129f964c0a0;  alias, 1 drivers
v00000129f9620c90_0 .net "b", 0 0, L_00000129f9644f00;  alias, 1 drivers
v00000129f9621550_0 .net "c", 0 0, L_00000129f964bd90;  alias, 1 drivers
S_00000129f95b1090 .scope generate, "genblk1[9]" "genblk1[9]" 3 40, 3 40 0, S_00000129f95d4880;
 .timescale 0 0;
P_00000129f95b93b0 .param/l "i" 0 3 40, +C4<01001>;
S_00000129f95b1540 .scope module, "fi" "full_adder" 3 42, 3 11 0, S_00000129f95b1090;
 .timescale 0 0;
    .port_info 0 /INPUT 1 "a";
    .port_info 1 /INPUT 1 "b";
    .port_info 2 /INPUT 1 "cin";
    .port_info 3 /OUTPUT 1 "S";
    .port_info 4 /OUTPUT 1 "c";
L_00000129f964b2a0 .functor OR 1, L_00000129f964b700, L_00000129f964b230, C4<0>, C4<0>;
v00000129f9620970_0 .net "S", 0 0, L_00000129f964bb60;  1 drivers
v00000129f96214b0_0 .net "a", 0 0, L_00000129f9645180;  1 drivers
v00000129f9621c30_0 .net "b", 0 0, L_00000129f96454a0;  1 drivers
v00000129f9620a10_0 .net "c", 0 0, L_00000129f964b2a0;  1 drivers
v00000129f9620ab0_0 .net "carry_1", 0 0, L_00000129f964b700;  1 drivers
v00000129f96203d0_0 .net "carry_2", 0 0, L_00000129f964b230;  1 drivers
v00000129f9620510_0 .net "cin", 0 0, L_00000129f9645540;  1 drivers
v00000129f9620d30_0 .net "sum_1", 0 0, L_00000129f964b690;  1 drivers
S_00000129f95af920 .scope module, "ha1" "half_adder" 3 20, 3 1 0, S_00000129f95b1540;
 .timescale 0 0;
    .port_info 0 /INPUT 1 "a";
    .port_info 1 /INPUT 1 "b";
    .port_info 2 /OUTPUT 1 "S";
    .port_info 3 /OUTPUT 1 "c";
L_00000129f964b690 .functor XOR 1, L_00000129f9645180, L_00000129f96454a0, C4<0>, C4<0>;
L_00000129f964b700 .functor AND 1, L_00000129f9645180, L_00000129f96454a0, C4<1>, C4<1>;
v00000129f9621370_0 .net "S", 0 0, L_00000129f964b690;  alias, 1 drivers
v00000129f9621f50_0 .net "a", 0 0, L_00000129f9645180;  alias, 1 drivers
v00000129f9621a50_0 .net "b", 0 0, L_00000129f96454a0;  alias, 1 drivers
v00000129f9620790_0 .net "c", 0 0, L_00000129f964b700;  alias, 1 drivers
S_00000129f95afc40 .scope module, "ha2" "half_adder" 3 21, 3 1 0, S_00000129f95b1540;
 .timescale 0 0;
    .port_info 0 /INPUT 1 "a";
    .port_info 1 /INPUT 1 "b";
    .port_info 2 /OUTPUT 1 "S";
    .port_info 3 /OUTPUT 1 "c";
L_00000129f964bb60 .functor XOR 1, L_00000129f964b690, L_00000129f9645540, C4<0>, C4<0>;
L_00000129f964b230 .functor AND 1, L_00000129f964b690, L_00000129f9645540, C4<1>, C4<1>;
v00000129f9620830_0 .net "S", 0 0, L_00000129f964bb60;  alias, 1 drivers
v00000129f9620470_0 .net "a", 0 0, L_00000129f964b690;  alias, 1 drivers
v00000129f96208d0_0 .net "b", 0 0, L_00000129f9645540;  alias, 1 drivers
v00000129f9621410_0 .net "c", 0 0, L_00000129f964b230;  alias, 1 drivers
S_00000129f95b0be0 .scope generate, "genblk1[10]" "genblk1[10]" 3 40, 3 40 0, S_00000129f95d4880;
 .timescale 0 0;
P_00000129f95b9730 .param/l "i" 0 3 40, +C4<01010>;
S_00000129f95b08c0 .scope module, "fi" "full_adder" 3 42, 3 11 0, S_00000129f95b0be0;
 .timescale 0 0;
    .port_info 0 /INPUT 1 "a";
    .port_info 1 /INPUT 1 "b";
    .port_info 2 /INPUT 1 "cin";
    .port_info 3 /OUTPUT 1 "S";
    .port_info 4 /OUTPUT 1 "c";
L_00000129f964be00 .functor OR 1, L_00000129f964bd20, L_00000129f964b930, C4<0>, C4<0>;
v00000129f9621cd0_0 .net "S", 0 0, L_00000129f964ba10;  1 drivers
v00000129f9621870_0 .net "a", 0 0, L_00000129f9644e60;  1 drivers
v00000129f9621d70_0 .net "b", 0 0, L_00000129f96459a0;  1 drivers
v00000129f9620150_0 .net "c", 0 0, L_00000129f964be00;  1 drivers
v00000129f96219b0_0 .net "carry_1", 0 0, L_00000129f964bd20;  1 drivers
v00000129f9621e10_0 .net "carry_2", 0 0, L_00000129f964b930;  1 drivers
v00000129f96201f0_0 .net "cin", 0 0, L_00000129f9645900;  1 drivers
v00000129f9620290_0 .net "sum_1", 0 0, L_00000129f964bfc0;  1 drivers
S_00000129f95b0730 .scope module, "ha1" "half_adder" 3 20, 3 1 0, S_00000129f95b08c0;
 .timescale 0 0;
    .port_info 0 /INPUT 1 "a";
    .port_info 1 /INPUT 1 "b";
    .port_info 2 /OUTPUT 1 "S";
    .port_info 3 /OUTPUT 1 "c";
L_00000129f964bfc0 .functor XOR 1, L_00000129f9644e60, L_00000129f96459a0, C4<0>, C4<0>;
L_00000129f964bd20 .functor AND 1, L_00000129f9644e60, L_00000129f96459a0, C4<1>, C4<1>;
v00000129f9620dd0_0 .net "S", 0 0, L_00000129f964bfc0;  alias, 1 drivers
v00000129f9621ff0_0 .net "a", 0 0, L_00000129f9644e60;  alias, 1 drivers
v00000129f9621b90_0 .net "b", 0 0, L_00000129f96459a0;  alias, 1 drivers
v00000129f96215f0_0 .net "c", 0 0, L_00000129f964bd20;  alias, 1 drivers
S_00000129f95b0280 .scope module, "ha2" "half_adder" 3 21, 3 1 0, S_00000129f95b08c0;
 .timescale 0 0;
    .port_info 0 /INPUT 1 "a";
    .port_info 1 /INPUT 1 "b";
    .port_info 2 /OUTPUT 1 "S";
    .port_info 3 /OUTPUT 1 "c";
L_00000129f964ba10 .functor XOR 1, L_00000129f964bfc0, L_00000129f9645900, C4<0>, C4<0>;
L_00000129f964b930 .functor AND 1, L_00000129f964bfc0, L_00000129f9645900, C4<1>, C4<1>;
v00000129f9620e70_0 .net "S", 0 0, L_00000129f964ba10;  alias, 1 drivers
v00000129f9620f10_0 .net "a", 0 0, L_00000129f964bfc0;  alias, 1 drivers
v00000129f9621690_0 .net "b", 0 0, L_00000129f9645900;  alias, 1 drivers
v00000129f9621730_0 .net "c", 0 0, L_00000129f964b930;  alias, 1 drivers
S_00000129f95b05a0 .scope generate, "genblk1[11]" "genblk1[11]" 3 40, 3 40 0, S_00000129f95d4880;
 .timescale 0 0;
P_00000129f95b8bf0 .param/l "i" 0 3 40, +C4<01011>;
S_00000129f9623290 .scope module, "fi" "full_adder" 3 42, 3 11 0, S_00000129f95b05a0;
 .timescale 0 0;
    .port_info 0 /INPUT 1 "a";
    .port_info 1 /INPUT 1 "b";
    .port_info 2 /INPUT 1 "cin";
    .port_info 3 /OUTPUT 1 "S";
    .port_info 4 /OUTPUT 1 "c";
L_00000129f964bc40 .functor OR 1, L_00000129f964b770, L_00000129f964b8c0, C4<0>, C4<0>;
v00000129f9627740_0 .net "S", 0 0, L_00000129f964b620;  1 drivers
v00000129f96272e0_0 .net "a", 0 0, L_00000129f96452c0;  1 drivers
v00000129f9627b00_0 .net "b", 0 0, L_00000129f96457c0;  1 drivers
v00000129f9627c40_0 .net "c", 0 0, L_00000129f964bc40;  1 drivers
v00000129f9626d40_0 .net "carry_1", 0 0, L_00000129f964b770;  1 drivers
v00000129f96274c0_0 .net "carry_2", 0 0, L_00000129f964b8c0;  1 drivers
v00000129f9627ce0_0 .net "cin", 0 0, L_00000129f9644d20;  1 drivers
v00000129f96276a0_0 .net "sum_1", 0 0, L_00000129f964bbd0;  1 drivers
S_00000129f9622c50 .scope module, "ha1" "half_adder" 3 20, 3 1 0, S_00000129f9623290;
 .timescale 0 0;
    .port_info 0 /INPUT 1 "a";
    .port_info 1 /INPUT 1 "b";
    .port_info 2 /OUTPUT 1 "S";
    .port_info 3 /OUTPUT 1 "c";
L_00000129f964bbd0 .functor XOR 1, L_00000129f96452c0, L_00000129f96457c0, C4<0>, C4<0>;
L_00000129f964b770 .functor AND 1, L_00000129f96452c0, L_00000129f96457c0, C4<1>, C4<1>;
v00000129f9620330_0 .net "S", 0 0, L_00000129f964bbd0;  alias, 1 drivers
v00000129f9621eb0_0 .net "a", 0 0, L_00000129f96452c0;  alias, 1 drivers
v00000129f9627420_0 .net "b", 0 0, L_00000129f96457c0;  alias, 1 drivers
v00000129f9627d80_0 .net "c", 0 0, L_00000129f964b770;  alias, 1 drivers
S_00000129f9623100 .scope module, "ha2" "half_adder" 3 21, 3 1 0, S_00000129f9623290;
 .timescale 0 0;
    .port_info 0 /INPUT 1 "a";
    .port_info 1 /INPUT 1 "b";
    .port_info 2 /OUTPUT 1 "S";
    .port_info 3 /OUTPUT 1 "c";
L_00000129f964b620 .functor XOR 1, L_00000129f964bbd0, L_00000129f9644d20, C4<0>, C4<0>;
L_00000129f964b8c0 .functor AND 1, L_00000129f964bbd0, L_00000129f9644d20, C4<1>, C4<1>;
v00000129f9627ba0_0 .net "S", 0 0, L_00000129f964b620;  alias, 1 drivers
v00000129f9626de0_0 .net "a", 0 0, L_00000129f964bbd0;  alias, 1 drivers
v00000129f9627920_0 .net "b", 0 0, L_00000129f9644d20;  alias, 1 drivers
v00000129f9627560_0 .net "c", 0 0, L_00000129f964b8c0;  alias, 1 drivers
S_00000129f96227a0 .scope generate, "genblk1[12]" "genblk1[12]" 3 40, 3 40 0, S_00000129f95d4880;
 .timescale 0 0;
P_00000129f95b8a70 .param/l "i" 0 3 40, +C4<01100>;
S_00000129f9622930 .scope module, "fi" "full_adder" 3 42, 3 11 0, S_00000129f96227a0;
 .timescale 0 0;
    .port_info 0 /INPUT 1 "a";
    .port_info 1 /INPUT 1 "b";
    .port_info 2 /INPUT 1 "cin";
    .port_info 3 /OUTPUT 1 "S";
    .port_info 4 /OUTPUT 1 "c";
L_00000129f964b3f0 .functor OR 1, L_00000129f964b850, L_00000129f964b310, C4<0>, C4<0>;
v00000129f9627380_0 .net "S", 0 0, L_00000129f964b5b0;  1 drivers
v00000129f9627240_0 .net "a", 0 0, L_00000129f96455e0;  1 drivers
v00000129f9627880_0 .net "b", 0 0, L_00000129f9645cc0;  1 drivers
v00000129f9627e20_0 .net "c", 0 0, L_00000129f964b3f0;  1 drivers
v00000129f9626c00_0 .net "carry_1", 0 0, L_00000129f964b850;  1 drivers
v00000129f96279c0_0 .net "carry_2", 0 0, L_00000129f964b310;  1 drivers
v00000129f9627f60_0 .net "cin", 0 0, L_00000129f9645860;  1 drivers
v00000129f9627060_0 .net "sum_1", 0 0, L_00000129f964c030;  1 drivers
S_00000129f9623420 .scope module, "ha1" "half_adder" 3 20, 3 1 0, S_00000129f9622930;
 .timescale 0 0;
    .port_info 0 /INPUT 1 "a";
    .port_info 1 /INPUT 1 "b";
    .port_info 2 /OUTPUT 1 "S";
    .port_info 3 /OUTPUT 1 "c";
L_00000129f964c030 .functor XOR 1, L_00000129f96455e0, L_00000129f9645cc0, C4<0>, C4<0>;
L_00000129f964b850 .functor AND 1, L_00000129f96455e0, L_00000129f9645cc0, C4<1>, C4<1>;
v00000129f9626e80_0 .net "S", 0 0, L_00000129f964c030;  alias, 1 drivers
v00000129f9626b60_0 .net "a", 0 0, L_00000129f96455e0;  alias, 1 drivers
v00000129f9628000_0 .net "b", 0 0, L_00000129f9645cc0;  alias, 1 drivers
v00000129f9626f20_0 .net "c", 0 0, L_00000129f964b850;  alias, 1 drivers
S_00000129f9622ac0 .scope module, "ha2" "half_adder" 3 21, 3 1 0, S_00000129f9622930;
 .timescale 0 0;
    .port_info 0 /INPUT 1 "a";
    .port_info 1 /INPUT 1 "b";
    .port_info 2 /OUTPUT 1 "S";
    .port_info 3 /OUTPUT 1 "c";
L_00000129f964b5b0 .functor XOR 1, L_00000129f964c030, L_00000129f9645860, C4<0>, C4<0>;
L_00000129f964b310 .functor AND 1, L_00000129f964c030, L_00000129f9645860, C4<1>, C4<1>;
v00000129f96271a0_0 .net "S", 0 0, L_00000129f964b5b0;  alias, 1 drivers
v00000129f9626fc0_0 .net "a", 0 0, L_00000129f964c030;  alias, 1 drivers
v00000129f9627600_0 .net "b", 0 0, L_00000129f9645860;  alias, 1 drivers
v00000129f96277e0_0 .net "c", 0 0, L_00000129f964b310;  alias, 1 drivers
S_00000129f9622de0 .scope generate, "genblk1[13]" "genblk1[13]" 3 40, 3 40 0, S_00000129f95d4880;
 .timescale 0 0;
P_00000129f95b8eb0 .param/l "i" 0 3 40, +C4<01101>;
S_00000129f9623d80 .scope module, "fi" "full_adder" 3 42, 3 11 0, S_00000129f9622de0;
 .timescale 0 0;
    .port_info 0 /INPUT 1 "a";
    .port_info 1 /INPUT 1 "b";
    .port_info 2 /INPUT 1 "cin";
    .port_info 3 /OUTPUT 1 "S";
    .port_info 4 /OUTPUT 1 "c";
L_00000129f964bee0 .functor OR 1, L_00000129f964b7e0, L_00000129f964be70, C4<0>, C4<0>;
v00000129f9625080_0 .net "S", 0 0, L_00000129f964b9a0;  1 drivers
v00000129f9624900_0 .net "a", 0 0, L_00000129f9645680;  1 drivers
v00000129f9625d00_0 .net "b", 0 0, L_00000129f9645a40;  1 drivers
v00000129f9626340_0 .net "c", 0 0, L_00000129f964bee0;  1 drivers
v00000129f96268e0_0 .net "carry_1", 0 0, L_00000129f964b7e0;  1 drivers
v00000129f96263e0_0 .net "carry_2", 0 0, L_00000129f964be70;  1 drivers
v00000129f9625e40_0 .net "cin", 0 0, L_00000129f96450e0;  1 drivers
v00000129f9625ee0_0 .net "sum_1", 0 0, L_00000129f964bcb0;  1 drivers
S_00000129f9622160 .scope module, "ha1" "half_adder" 3 20, 3 1 0, S_00000129f9623d80;
 .timescale 0 0;
    .port_info 0 /INPUT 1 "a";
    .port_info 1 /INPUT 1 "b";
    .port_info 2 /OUTPUT 1 "S";
    .port_info 3 /OUTPUT 1 "c";
L_00000129f964bcb0 .functor XOR 1, L_00000129f9645680, L_00000129f9645a40, C4<0>, C4<0>;
L_00000129f964b7e0 .functor AND 1, L_00000129f9645680, L_00000129f9645a40, C4<1>, C4<1>;
v00000129f9627a60_0 .net "S", 0 0, L_00000129f964bcb0;  alias, 1 drivers
v00000129f9627ec0_0 .net "a", 0 0, L_00000129f9645680;  alias, 1 drivers
v00000129f9627100_0 .net "b", 0 0, L_00000129f9645a40;  alias, 1 drivers
v00000129f9626980_0 .net "c", 0 0, L_00000129f964b7e0;  alias, 1 drivers
S_00000129f9623a60 .scope module, "ha2" "half_adder" 3 21, 3 1 0, S_00000129f9623d80;
 .timescale 0 0;
    .port_info 0 /INPUT 1 "a";
    .port_info 1 /INPUT 1 "b";
    .port_info 2 /OUTPUT 1 "S";
    .port_info 3 /OUTPUT 1 "c";
L_00000129f964b9a0 .functor XOR 1, L_00000129f964bcb0, L_00000129f96450e0, C4<0>, C4<0>;
L_00000129f964be70 .functor AND 1, L_00000129f964bcb0, L_00000129f96450e0, C4<1>, C4<1>;
v00000129f9626a20_0 .net "S", 0 0, L_00000129f964b9a0;  alias, 1 drivers
v00000129f9626ac0_0 .net "a", 0 0, L_00000129f964bcb0;  alias, 1 drivers
v00000129f9626ca0_0 .net "b", 0 0, L_00000129f96450e0;  alias, 1 drivers
v00000129f96258a0_0 .net "c", 0 0, L_00000129f964be70;  alias, 1 drivers
S_00000129f9623bf0 .scope generate, "genblk1[14]" "genblk1[14]" 3 40, 3 40 0, S_00000129f95d4880;
 .timescale 0 0;
P_00000129f95b90b0 .param/l "i" 0 3 40, +C4<01110>;
S_00000129f9622610 .scope module, "fi" "full_adder" 3 42, 3 11 0, S_00000129f9623bf0;
 .timescale 0 0;
    .port_info 0 /INPUT 1 "a";
    .port_info 1 /INPUT 1 "b";
    .port_info 2 /INPUT 1 "cin";
    .port_info 3 /OUTPUT 1 "S";
    .port_info 4 /OUTPUT 1 "c";
L_00000129f964c4e0 .functor OR 1, L_00000129f964b4d0, L_00000129f964c390, C4<0>, C4<0>;
v00000129f9625620_0 .net "S", 0 0, L_00000129f964b540;  1 drivers
v00000129f9625120_0 .net "a", 0 0, L_00000129f9645d60;  1 drivers
v00000129f9625a80_0 .net "b", 0 0, L_00000129f9645e00;  1 drivers
v00000129f96267a0_0 .net "c", 0 0, L_00000129f964c4e0;  1 drivers
v00000129f9625b20_0 .net "carry_1", 0 0, L_00000129f964b4d0;  1 drivers
v00000129f9626700_0 .net "carry_2", 0 0, L_00000129f964c390;  1 drivers
v00000129f96254e0_0 .net "cin", 0 0, L_00000129f9645720;  1 drivers
v00000129f9626020_0 .net "sum_1", 0 0, L_00000129f964bf50;  1 drivers
S_00000129f9622f70 .scope module, "ha1" "half_adder" 3 20, 3 1 0, S_00000129f9622610;
 .timescale 0 0;
    .port_info 0 /INPUT 1 "a";
    .port_info 1 /INPUT 1 "b";
    .port_info 2 /OUTPUT 1 "S";
    .port_info 3 /OUTPUT 1 "c";
L_00000129f964bf50 .functor XOR 1, L_00000129f9645d60, L_00000129f9645e00, C4<0>, C4<0>;
L_00000129f964b4d0 .functor AND 1, L_00000129f9645d60, L_00000129f9645e00, C4<1>, C4<1>;
v00000129f9625f80_0 .net "S", 0 0, L_00000129f964bf50;  alias, 1 drivers
v00000129f9625580_0 .net "a", 0 0, L_00000129f9645d60;  alias, 1 drivers
v00000129f9624720_0 .net "b", 0 0, L_00000129f9645e00;  alias, 1 drivers
v00000129f9624fe0_0 .net "c", 0 0, L_00000129f964b4d0;  alias, 1 drivers
S_00000129f96235b0 .scope module, "ha2" "half_adder" 3 21, 3 1 0, S_00000129f9622610;
 .timescale 0 0;
    .port_info 0 /INPUT 1 "a";
    .port_info 1 /INPUT 1 "b";
    .port_info 2 /OUTPUT 1 "S";
    .port_info 3 /OUTPUT 1 "c";
L_00000129f964b540 .functor XOR 1, L_00000129f964bf50, L_00000129f9645720, C4<0>, C4<0>;
L_00000129f964c390 .functor AND 1, L_00000129f964bf50, L_00000129f9645720, C4<1>, C4<1>;
v00000129f9625800_0 .net "S", 0 0, L_00000129f964b540;  alias, 1 drivers
v00000129f9624d60_0 .net "a", 0 0, L_00000129f964bf50;  alias, 1 drivers
v00000129f96249a0_0 .net "b", 0 0, L_00000129f9645720;  alias, 1 drivers
v00000129f9626480_0 .net "c", 0 0, L_00000129f964c390;  alias, 1 drivers
S_00000129f9623740 .scope generate, "genblk1[15]" "genblk1[15]" 3 40, 3 40 0, S_00000129f95d4880;
 .timescale 0 0;
P_00000129f95b9670 .param/l "i" 0 3 40, +C4<01111>;
S_00000129f96238d0 .scope module, "fi" "full_adder" 3 42, 3 11 0, S_00000129f9623740;
 .timescale 0 0;
    .port_info 0 /INPUT 1 "a";
    .port_info 1 /INPUT 1 "b";
    .port_info 2 /INPUT 1 "cin";
    .port_info 3 /OUTPUT 1 "S";
    .port_info 4 /OUTPUT 1 "c";
L_00000129f964c470 .functor OR 1, L_00000129f964c5c0, L_00000129f964c860, C4<0>, C4<0>;
v00000129f9624c20_0 .net "S", 0 0, L_00000129f964c400;  1 drivers
v00000129f9624cc0_0 .net "a", 0 0, L_00000129f9645ae0;  1 drivers
v00000129f9624e00_0 .net "b", 0 0, L_00000129f9645b80;  1 drivers
v00000129f96265c0_0 .net "c", 0 0, L_00000129f964c470;  1 drivers
v00000129f9624ea0_0 .net "carry_1", 0 0, L_00000129f964c5c0;  1 drivers
v00000129f96244a0_0 .net "carry_2", 0 0, L_00000129f964c860;  1 drivers
v00000129f9624180_0 .net "cin", 0 0, L_00000129f9645220;  1 drivers
v00000129f9626840_0 .net "sum_1", 0 0, L_00000129f964c7f0;  1 drivers
S_00000129f96222f0 .scope module, "ha1" "half_adder" 3 20, 3 1 0, S_00000129f96238d0;
 .timescale 0 0;
    .port_info 0 /INPUT 1 "a";
    .port_info 1 /INPUT 1 "b";
    .port_info 2 /OUTPUT 1 "S";
    .port_info 3 /OUTPUT 1 "c";
L_00000129f964c7f0 .functor XOR 1, L_00000129f9645ae0, L_00000129f9645b80, C4<0>, C4<0>;
L_00000129f964c5c0 .functor AND 1, L_00000129f9645ae0, L_00000129f9645b80, C4<1>, C4<1>;
v00000129f96259e0_0 .net "S", 0 0, L_00000129f964c7f0;  alias, 1 drivers
v00000129f9624a40_0 .net "a", 0 0, L_00000129f9645ae0;  alias, 1 drivers
v00000129f9624540_0 .net "b", 0 0, L_00000129f9645b80;  alias, 1 drivers
v00000129f96247c0_0 .net "c", 0 0, L_00000129f964c5c0;  alias, 1 drivers
S_00000129f9623f10 .scope module, "ha2" "half_adder" 3 21, 3 1 0, S_00000129f96238d0;
 .timescale 0 0;
    .port_info 0 /INPUT 1 "a";
    .port_info 1 /INPUT 1 "b";
    .port_info 2 /OUTPUT 1 "S";
    .port_info 3 /OUTPUT 1 "c";
L_00000129f964c400 .functor XOR 1, L_00000129f964c7f0, L_00000129f9645220, C4<0>, C4<0>;
L_00000129f964c860 .functor AND 1, L_00000129f964c7f0, L_00000129f9645220, C4<1>, C4<1>;
v00000129f9626520_0 .net "S", 0 0, L_00000129f964c400;  alias, 1 drivers
v00000129f96262a0_0 .net "a", 0 0, L_00000129f964c7f0;  alias, 1 drivers
v00000129f96256c0_0 .net "b", 0 0, L_00000129f9645220;  alias, 1 drivers
v00000129f9624ae0_0 .net "c", 0 0, L_00000129f964c860;  alias, 1 drivers
S_00000129f9622480 .scope generate, "genblk1[16]" "genblk1[16]" 3 40, 3 40 0, S_00000129f95d4880;
 .timescale 0 0;
P_00000129f95b8af0 .param/l "i" 0 3 40, +C4<010000>;
S_00000129f962cc80 .scope module, "fi" "full_adder" 3 42, 3 11 0, S_00000129f9622480;
 .timescale 0 0;
    .port_info 0 /INPUT 1 "a";
    .port_info 1 /INPUT 1 "b";
    .port_info 2 /INPUT 1 "cin";
    .port_info 3 /OUTPUT 1 "S";
    .port_info 4 /OUTPUT 1 "c";
L_00000129f964c940 .functor OR 1, L_00000129f964c8d0, L_00000129f964ccc0, C4<0>, C4<0>;
v00000129f9625940_0 .net "S", 0 0, L_00000129f964c240;  1 drivers
v00000129f9624400_0 .net "a", 0 0, L_00000129f9645ea0;  1 drivers
v00000129f9625bc0_0 .net "b", 0 0, L_00000129f9645f40;  1 drivers
v00000129f96260c0_0 .net "c", 0 0, L_00000129f964c940;  1 drivers
v00000129f9625260_0 .net "carry_1", 0 0, L_00000129f964c8d0;  1 drivers
v00000129f9624b80_0 .net "carry_2", 0 0, L_00000129f964ccc0;  1 drivers
v00000129f9626160_0 .net "cin", 0 0, L_00000129f9645fe0;  1 drivers
v00000129f96245e0_0 .net "sum_1", 0 0, L_00000129f964c780;  1 drivers
S_00000129f962d770 .scope module, "ha1" "half_adder" 3 20, 3 1 0, S_00000129f962cc80;
 .timescale 0 0;
    .port_info 0 /INPUT 1 "a";
    .port_info 1 /INPUT 1 "b";
    .port_info 2 /OUTPUT 1 "S";
    .port_info 3 /OUTPUT 1 "c";
L_00000129f964c780 .functor XOR 1, L_00000129f9645ea0, L_00000129f9645f40, C4<0>, C4<0>;
L_00000129f964c8d0 .functor AND 1, L_00000129f9645ea0, L_00000129f9645f40, C4<1>, C4<1>;
v00000129f9624860_0 .net "S", 0 0, L_00000129f964c780;  alias, 1 drivers
v00000129f9626660_0 .net "a", 0 0, L_00000129f9645ea0;  alias, 1 drivers
v00000129f9625da0_0 .net "b", 0 0, L_00000129f9645f40;  alias, 1 drivers
v00000129f9624220_0 .net "c", 0 0, L_00000129f964c8d0;  alias, 1 drivers
S_00000129f962ddb0 .scope module, "ha2" "half_adder" 3 21, 3 1 0, S_00000129f962cc80;
 .timescale 0 0;
    .port_info 0 /INPUT 1 "a";
    .port_info 1 /INPUT 1 "b";
    .port_info 2 /OUTPUT 1 "S";
    .port_info 3 /OUTPUT 1 "c";
L_00000129f964c240 .functor XOR 1, L_00000129f964c780, L_00000129f9645fe0, C4<0>, C4<0>;
L_00000129f964ccc0 .functor AND 1, L_00000129f964c780, L_00000129f9645fe0, C4<1>, C4<1>;
v00000129f96242c0_0 .net "S", 0 0, L_00000129f964c240;  alias, 1 drivers
v00000129f96251c0_0 .net "a", 0 0, L_00000129f964c780;  alias, 1 drivers
v00000129f9624360_0 .net "b", 0 0, L_00000129f9645fe0;  alias, 1 drivers
v00000129f9625440_0 .net "c", 0 0, L_00000129f964ccc0;  alias, 1 drivers
S_00000129f962d130 .scope generate, "genblk1[17]" "genblk1[17]" 3 40, 3 40 0, S_00000129f95d4880;
 .timescale 0 0;
P_00000129f95b8970 .param/l "i" 0 3 40, +C4<010001>;
S_00000129f962d900 .scope module, "fi" "full_adder" 3 42, 3 11 0, S_00000129f962d130;
 .timescale 0 0;
    .port_info 0 /INPUT 1 "a";
    .port_info 1 /INPUT 1 "b";
    .port_info 2 /INPUT 1 "cin";
    .port_info 3 /OUTPUT 1 "S";
    .port_info 4 /OUTPUT 1 "c";
L_00000129f964cda0 .functor OR 1, L_00000129f964cbe0, L_00000129f964c9b0, C4<0>, C4<0>;
v00000129f9637ca0_0 .net "S", 0 0, L_00000129f964cfd0;  1 drivers
v00000129f9636620_0 .net "a", 0 0, L_00000129f9645400;  1 drivers
v00000129f9638880_0 .net "b", 0 0, L_00000129f9645c20;  1 drivers
v00000129f96369e0_0 .net "c", 0 0, L_00000129f964cda0;  1 drivers
v00000129f9637ac0_0 .net "carry_1", 0 0, L_00000129f964cbe0;  1 drivers
v00000129f9637b60_0 .net "carry_2", 0 0, L_00000129f964c9b0;  1 drivers
v00000129f9637980_0 .net "cin", 0 0, L_00000129f9646080;  1 drivers
v00000129f9636800_0 .net "sum_1", 0 0, L_00000129f964cb00;  1 drivers
S_00000129f962d5e0 .scope module, "ha1" "half_adder" 3 20, 3 1 0, S_00000129f962d900;
 .timescale 0 0;
    .port_info 0 /INPUT 1 "a";
    .port_info 1 /INPUT 1 "b";
    .port_info 2 /OUTPUT 1 "S";
    .port_info 3 /OUTPUT 1 "c";
L_00000129f964cb00 .functor XOR 1, L_00000129f9645400, L_00000129f9645c20, C4<0>, C4<0>;
L_00000129f964cbe0 .functor AND 1, L_00000129f9645400, L_00000129f9645c20, C4<1>, C4<1>;
v00000129f9624f40_0 .net "S", 0 0, L_00000129f964cb00;  alias, 1 drivers
v00000129f9626200_0 .net "a", 0 0, L_00000129f9645400;  alias, 1 drivers
v00000129f9624680_0 .net "b", 0 0, L_00000129f9645c20;  alias, 1 drivers
v00000129f9625300_0 .net "c", 0 0, L_00000129f964cbe0;  alias, 1 drivers
S_00000129f962c4b0 .scope module, "ha2" "half_adder" 3 21, 3 1 0, S_00000129f962d900;
 .timescale 0 0;
    .port_info 0 /INPUT 1 "a";
    .port_info 1 /INPUT 1 "b";
    .port_info 2 /OUTPUT 1 "S";
    .port_info 3 /OUTPUT 1 "c";
L_00000129f964cfd0 .functor XOR 1, L_00000129f964cb00, L_00000129f9646080, C4<0>, C4<0>;
L_00000129f964c9b0 .functor AND 1, L_00000129f964cb00, L_00000129f9646080, C4<1>, C4<1>;
v00000129f96253a0_0 .net "S", 0 0, L_00000129f964cfd0;  alias, 1 drivers
v00000129f9625760_0 .net "a", 0 0, L_00000129f964cb00;  alias, 1 drivers
v00000129f9625c60_0 .net "b", 0 0, L_00000129f9646080;  alias, 1 drivers
v00000129f96366c0_0 .net "c", 0 0, L_00000129f964c9b0;  alias, 1 drivers
S_00000129f962da90 .scope generate, "genblk1[18]" "genblk1[18]" 3 40, 3 40 0, S_00000129f95d4880;
 .timescale 0 0;
P_00000129f95b9130 .param/l "i" 0 3 40, +C4<010010>;
S_00000129f962ce10 .scope module, "fi" "full_adder" 3 42, 3 11 0, S_00000129f962da90;
 .timescale 0 0;
    .port_info 0 /INPUT 1 "a";
    .port_info 1 /INPUT 1 "b";
    .port_info 2 /INPUT 1 "cin";
    .port_info 3 /OUTPUT 1 "S";
    .port_info 4 /OUTPUT 1 "c";
L_00000129f964c630 .functor OR 1, L_00000129f964ca90, L_00000129f964c320, C4<0>, C4<0>;
v00000129f9636a80_0 .net "S", 0 0, L_00000129f964c550;  1 drivers
v00000129f9637160_0 .net "a", 0 0, L_00000129f9644a00;  1 drivers
v00000129f9636ee0_0 .net "b", 0 0, L_00000129f9644aa0;  1 drivers
v00000129f9638380_0 .net "c", 0 0, L_00000129f964c630;  1 drivers
v00000129f9637d40_0 .net "carry_1", 0 0, L_00000129f964ca90;  1 drivers
v00000129f9637020_0 .net "carry_2", 0 0, L_00000129f964c320;  1 drivers
v00000129f96373e0_0 .net "cin", 0 0, L_00000129f9644fa0;  1 drivers
v00000129f9636b20_0 .net "sum_1", 0 0, L_00000129f964ca20;  1 drivers
S_00000129f962dc20 .scope module, "ha1" "half_adder" 3 20, 3 1 0, S_00000129f962ce10;
 .timescale 0 0;
    .port_info 0 /INPUT 1 "a";
    .port_info 1 /INPUT 1 "b";
    .port_info 2 /OUTPUT 1 "S";
    .port_info 3 /OUTPUT 1 "c";
L_00000129f964ca20 .functor XOR 1, L_00000129f9644a00, L_00000129f9644aa0, C4<0>, C4<0>;
L_00000129f964ca90 .functor AND 1, L_00000129f9644a00, L_00000129f9644aa0, C4<1>, C4<1>;
v00000129f9636e40_0 .net "S", 0 0, L_00000129f964ca20;  alias, 1 drivers
v00000129f9637200_0 .net "a", 0 0, L_00000129f9644a00;  alias, 1 drivers
v00000129f96368a0_0 .net "b", 0 0, L_00000129f9644aa0;  alias, 1 drivers
v00000129f9638920_0 .net "c", 0 0, L_00000129f964ca90;  alias, 1 drivers
S_00000129f962caf0 .scope module, "ha2" "half_adder" 3 21, 3 1 0, S_00000129f962ce10;
 .timescale 0 0;
    .port_info 0 /INPUT 1 "a";
    .port_info 1 /INPUT 1 "b";
    .port_info 2 /OUTPUT 1 "S";
    .port_info 3 /OUTPUT 1 "c";
L_00000129f964c550 .functor XOR 1, L_00000129f964ca20, L_00000129f9644fa0, C4<0>, C4<0>;
L_00000129f964c320 .functor AND 1, L_00000129f964ca20, L_00000129f9644fa0, C4<1>, C4<1>;
v00000129f9636da0_0 .net "S", 0 0, L_00000129f964c550;  alias, 1 drivers
v00000129f9636940_0 .net "a", 0 0, L_00000129f964ca20;  alias, 1 drivers
v00000129f9636760_0 .net "b", 0 0, L_00000129f9644fa0;  alias, 1 drivers
v00000129f9637840_0 .net "c", 0 0, L_00000129f964c320;  alias, 1 drivers
S_00000129f962df40 .scope generate, "genblk1[19]" "genblk1[19]" 3 40, 3 40 0, S_00000129f95d4880;
 .timescale 0 0;
P_00000129f95b97b0 .param/l "i" 0 3 40, +C4<010011>;
S_00000129f962c190 .scope module, "fi" "full_adder" 3 42, 3 11 0, S_00000129f962df40;
 .timescale 0 0;
    .port_info 0 /INPUT 1 "a";
    .port_info 1 /INPUT 1 "b";
    .port_info 2 /INPUT 1 "cin";
    .port_info 3 /OUTPUT 1 "S";
    .port_info 4 /OUTPUT 1 "c";
L_00000129f964c710 .functor OR 1, L_00000129f964cb70, L_00000129f964cc50, C4<0>, C4<0>;
v00000129f9638560_0 .net "S", 0 0, L_00000129f964ce10;  1 drivers
v00000129f9637c00_0 .net "a", 0 0, L_00000129f9644be0;  1 drivers
v00000129f9637de0_0 .net "b", 0 0, L_00000129f9653640;  1 drivers
v00000129f96387e0_0 .net "c", 0 0, L_00000129f964c710;  1 drivers
v00000129f9636f80_0 .net "carry_1", 0 0, L_00000129f964cb70;  1 drivers
v00000129f9638740_0 .net "carry_2", 0 0, L_00000129f964cc50;  1 drivers
v00000129f96372a0_0 .net "cin", 0 0, L_00000129f9653f00;  1 drivers
v00000129f9637e80_0 .net "sum_1", 0 0, L_00000129f964c6a0;  1 drivers
S_00000129f962cfa0 .scope module, "ha1" "half_adder" 3 20, 3 1 0, S_00000129f962c190;
 .timescale 0 0;
    .port_info 0 /INPUT 1 "a";
    .port_info 1 /INPUT 1 "b";
    .port_info 2 /OUTPUT 1 "S";
    .port_info 3 /OUTPUT 1 "c";
L_00000129f964c6a0 .functor XOR 1, L_00000129f9644be0, L_00000129f9653640, C4<0>, C4<0>;
L_00000129f964cb70 .functor AND 1, L_00000129f9644be0, L_00000129f9653640, C4<1>, C4<1>;
v00000129f9637520_0 .net "S", 0 0, L_00000129f964c6a0;  alias, 1 drivers
v00000129f9636bc0_0 .net "a", 0 0, L_00000129f9644be0;  alias, 1 drivers
v00000129f96370c0_0 .net "b", 0 0, L_00000129f9653640;  alias, 1 drivers
v00000129f9638420_0 .net "c", 0 0, L_00000129f964cb70;  alias, 1 drivers
S_00000129f962c320 .scope module, "ha2" "half_adder" 3 21, 3 1 0, S_00000129f962c190;
 .timescale 0 0;
    .port_info 0 /INPUT 1 "a";
    .port_info 1 /INPUT 1 "b";
    .port_info 2 /OUTPUT 1 "S";
    .port_info 3 /OUTPUT 1 "c";
L_00000129f964ce10 .functor XOR 1, L_00000129f964c6a0, L_00000129f9653f00, C4<0>, C4<0>;
L_00000129f964cc50 .functor AND 1, L_00000129f964c6a0, L_00000129f9653f00, C4<1>, C4<1>;
v00000129f96378e0_0 .net "S", 0 0, L_00000129f964ce10;  alias, 1 drivers
v00000129f9638060_0 .net "a", 0 0, L_00000129f964c6a0;  alias, 1 drivers
v00000129f9636c60_0 .net "b", 0 0, L_00000129f9653f00;  alias, 1 drivers
v00000129f96375c0_0 .net "c", 0 0, L_00000129f964cc50;  alias, 1 drivers
S_00000129f962c640 .scope generate, "genblk1[20]" "genblk1[20]" 3 40, 3 40 0, S_00000129f95d4880;
 .timescale 0 0;
P_00000129f95b8cb0 .param/l "i" 0 3 40, +C4<010100>;
S_00000129f962c7d0 .scope module, "fi" "full_adder" 3 42, 3 11 0, S_00000129f962c640;
 .timescale 0 0;
    .port_info 0 /INPUT 1 "a";
    .port_info 1 /INPUT 1 "b";
    .port_info 2 /INPUT 1 "cin";
    .port_info 3 /OUTPUT 1 "S";
    .port_info 4 /OUTPUT 1 "c";
L_00000129f964d040 .functor OR 1, L_00000129f964ce80, L_00000129f964cf60, C4<0>, C4<0>;
v00000129f9637fc0_0 .net "S", 0 0, L_00000129f964cef0;  1 drivers
v00000129f9638100_0 .net "a", 0 0, L_00000129f9653280;  1 drivers
v00000129f96381a0_0 .net "b", 0 0, L_00000129f9654f40;  1 drivers
v00000129f9638240_0 .net "c", 0 0, L_00000129f964d040;  1 drivers
v00000129f9636300_0 .net "carry_1", 0 0, L_00000129f964ce80;  1 drivers
v00000129f96382e0_0 .net "carry_2", 0 0, L_00000129f964cf60;  1 drivers
v00000129f96384c0_0 .net "cin", 0 0, L_00000129f9654d60;  1 drivers
v00000129f96361c0_0 .net "sum_1", 0 0, L_00000129f964cd30;  1 drivers
S_00000129f962c960 .scope module, "ha1" "half_adder" 3 20, 3 1 0, S_00000129f962c7d0;
 .timescale 0 0;
    .port_info 0 /INPUT 1 "a";
    .port_info 1 /INPUT 1 "b";
    .port_info 2 /OUTPUT 1 "S";
    .port_info 3 /OUTPUT 1 "c";
L_00000129f964cd30 .functor XOR 1, L_00000129f9653280, L_00000129f9654f40, C4<0>, C4<0>;
L_00000129f964ce80 .functor AND 1, L_00000129f9653280, L_00000129f9654f40, C4<1>, C4<1>;
v00000129f96377a0_0 .net "S", 0 0, L_00000129f964cd30;  alias, 1 drivers
v00000129f9637a20_0 .net "a", 0 0, L_00000129f9653280;  alias, 1 drivers
v00000129f9636d00_0 .net "b", 0 0, L_00000129f9654f40;  alias, 1 drivers
v00000129f9637700_0 .net "c", 0 0, L_00000129f964ce80;  alias, 1 drivers
S_00000129f962d2c0 .scope module, "ha2" "half_adder" 3 21, 3 1 0, S_00000129f962c7d0;
 .timescale 0 0;
    .port_info 0 /INPUT 1 "a";
    .port_info 1 /INPUT 1 "b";
    .port_info 2 /OUTPUT 1 "S";
    .port_info 3 /OUTPUT 1 "c";
L_00000129f964cef0 .functor XOR 1, L_00000129f964cd30, L_00000129f9654d60, C4<0>, C4<0>;
L_00000129f964cf60 .functor AND 1, L_00000129f964cd30, L_00000129f9654d60, C4<1>, C4<1>;
v00000129f9637340_0 .net "S", 0 0, L_00000129f964cef0;  alias, 1 drivers
v00000129f9637480_0 .net "a", 0 0, L_00000129f964cd30;  alias, 1 drivers
v00000129f9637660_0 .net "b", 0 0, L_00000129f9654d60;  alias, 1 drivers
v00000129f9637f20_0 .net "c", 0 0, L_00000129f964cf60;  alias, 1 drivers
S_00000129f962d450 .scope generate, "genblk1[21]" "genblk1[21]" 3 40, 3 40 0, S_00000129f95d4880;
 .timescale 0 0;
P_00000129f95b91b0 .param/l "i" 0 3 40, +C4<010101>;
S_00000129f963acb0 .scope module, "fi" "full_adder" 3 42, 3 11 0, S_00000129f962d450;
 .timescale 0 0;
    .port_info 0 /INPUT 1 "a";
    .port_info 1 /INPUT 1 "b";
    .port_info 2 /INPUT 1 "cin";
    .port_info 3 /OUTPUT 1 "S";
    .port_info 4 /OUTPUT 1 "c";
L_00000129f965bc90 .functor OR 1, L_00000129f964d120, L_00000129f965b2f0, C4<0>, C4<0>;
v00000129f9639b40_0 .net "S", 0 0, L_00000129f964c2b0;  1 drivers
v00000129f9639be0_0 .net "a", 0 0, L_00000129f96558a0;  1 drivers
v00000129f96395a0_0 .net "b", 0 0, L_00000129f9653c80;  1 drivers
v00000129f96391e0_0 .net "c", 0 0, L_00000129f965bc90;  1 drivers
v00000129f9639780_0 .net "carry_1", 0 0, L_00000129f964d120;  1 drivers
v00000129f9639960_0 .net "carry_2", 0 0, L_00000129f965b2f0;  1 drivers
v00000129f9639280_0 .net "cin", 0 0, L_00000129f9655800;  1 drivers
v00000129f9638ec0_0 .net "sum_1", 0 0, L_00000129f964d0b0;  1 drivers
S_00000129f963a4e0 .scope module, "ha1" "half_adder" 3 20, 3 1 0, S_00000129f963acb0;
 .timescale 0 0;
    .port_info 0 /INPUT 1 "a";
    .port_info 1 /INPUT 1 "b";
    .port_info 2 /OUTPUT 1 "S";
    .port_info 3 /OUTPUT 1 "c";
L_00000129f964d0b0 .functor XOR 1, L_00000129f96558a0, L_00000129f9653c80, C4<0>, C4<0>;
L_00000129f964d120 .functor AND 1, L_00000129f96558a0, L_00000129f9653c80, C4<1>, C4<1>;
v00000129f9638600_0 .net "S", 0 0, L_00000129f964d0b0;  alias, 1 drivers
v00000129f96386a0_0 .net "a", 0 0, L_00000129f96558a0;  alias, 1 drivers
v00000129f9636260_0 .net "b", 0 0, L_00000129f9653c80;  alias, 1 drivers
v00000129f96363a0_0 .net "c", 0 0, L_00000129f964d120;  alias, 1 drivers
S_00000129f963bac0 .scope module, "ha2" "half_adder" 3 21, 3 1 0, S_00000129f963acb0;
 .timescale 0 0;
    .port_info 0 /INPUT 1 "a";
    .port_info 1 /INPUT 1 "b";
    .port_info 2 /OUTPUT 1 "S";
    .port_info 3 /OUTPUT 1 "c";
L_00000129f964c2b0 .functor XOR 1, L_00000129f964d0b0, L_00000129f9655800, C4<0>, C4<0>;
L_00000129f965b2f0 .functor AND 1, L_00000129f964d0b0, L_00000129f9655800, C4<1>, C4<1>;
v00000129f9636440_0 .net "S", 0 0, L_00000129f964c2b0;  alias, 1 drivers
v00000129f96364e0_0 .net "a", 0 0, L_00000129f964d0b0;  alias, 1 drivers
v00000129f9636580_0 .net "b", 0 0, L_00000129f9655800;  alias, 1 drivers
v00000129f9639000_0 .net "c", 0 0, L_00000129f965b2f0;  alias, 1 drivers
S_00000129f963b7a0 .scope generate, "genblk1[22]" "genblk1[22]" 3 40, 3 40 0, S_00000129f95d4880;
 .timescale 0 0;
P_00000129f95b8db0 .param/l "i" 0 3 40, +C4<010110>;
S_00000129f963a670 .scope module, "fi" "full_adder" 3 42, 3 11 0, S_00000129f963b7a0;
 .timescale 0 0;
    .port_info 0 /INPUT 1 "a";
    .port_info 1 /INPUT 1 "b";
    .port_info 2 /INPUT 1 "cin";
    .port_info 3 /OUTPUT 1 "S";
    .port_info 4 /OUTPUT 1 "c";
L_00000129f965b440 .functor OR 1, L_00000129f965bad0, L_00000129f965b830, C4<0>, C4<0>;
v00000129f9639dc0_0 .net "S", 0 0, L_00000129f965b9f0;  1 drivers
v00000129f9639500_0 .net "a", 0 0, L_00000129f9654e00;  1 drivers
v00000129f9639e60_0 .net "b", 0 0, L_00000129f9653b40;  1 drivers
v00000129f9639c80_0 .net "c", 0 0, L_00000129f965b440;  1 drivers
v00000129f96396e0_0 .net "carry_1", 0 0, L_00000129f965bad0;  1 drivers
v00000129f9639320_0 .net "carry_2", 0 0, L_00000129f965b830;  1 drivers
v00000129f96398c0_0 .net "cin", 0 0, L_00000129f9654180;  1 drivers
v00000129f96393c0_0 .net "sum_1", 0 0, L_00000129f965b750;  1 drivers
S_00000129f963b930 .scope module, "ha1" "half_adder" 3 20, 3 1 0, S_00000129f963a670;
 .timescale 0 0;
    .port_info 0 /INPUT 1 "a";
    .port_info 1 /INPUT 1 "b";
    .port_info 2 /OUTPUT 1 "S";
    .port_info 3 /OUTPUT 1 "c";
L_00000129f965b750 .functor XOR 1, L_00000129f9654e00, L_00000129f9653b40, C4<0>, C4<0>;
L_00000129f965bad0 .functor AND 1, L_00000129f9654e00, L_00000129f9653b40, C4<1>, C4<1>;
v00000129f9639a00_0 .net "S", 0 0, L_00000129f965b750;  alias, 1 drivers
v00000129f9639640_0 .net "a", 0 0, L_00000129f9654e00;  alias, 1 drivers
v00000129f9639820_0 .net "b", 0 0, L_00000129f9653b40;  alias, 1 drivers
v00000129f9638e20_0 .net "c", 0 0, L_00000129f965bad0;  alias, 1 drivers
S_00000129f963bc50 .scope module, "ha2" "half_adder" 3 21, 3 1 0, S_00000129f963a670;
 .timescale 0 0;
    .port_info 0 /INPUT 1 "a";
    .port_info 1 /INPUT 1 "b";
    .port_info 2 /OUTPUT 1 "S";
    .port_info 3 /OUTPUT 1 "c";
L_00000129f965b9f0 .functor XOR 1, L_00000129f965b750, L_00000129f9654180, C4<0>, C4<0>;
L_00000129f965b830 .functor AND 1, L_00000129f965b750, L_00000129f9654180, C4<1>, C4<1>;
v00000129f9638d80_0 .net "S", 0 0, L_00000129f965b9f0;  alias, 1 drivers
v00000129f9638c40_0 .net "a", 0 0, L_00000129f965b750;  alias, 1 drivers
v00000129f9639d20_0 .net "b", 0 0, L_00000129f9654180;  alias, 1 drivers
v00000129f9639460_0 .net "c", 0 0, L_00000129f965b830;  alias, 1 drivers
S_00000129f963bde0 .scope generate, "genblk1[23]" "genblk1[23]" 3 40, 3 40 0, S_00000129f95d4880;
 .timescale 0 0;
P_00000129f95b95b0 .param/l "i" 0 3 40, +C4<010111>;
S_00000129f963bf70 .scope module, "fi" "full_adder" 3 42, 3 11 0, S_00000129f963bde0;
 .timescale 0 0;
    .port_info 0 /INPUT 1 "a";
    .port_info 1 /INPUT 1 "b";
    .port_info 2 /INPUT 1 "cin";
    .port_info 3 /OUTPUT 1 "S";
    .port_info 4 /OUTPUT 1 "c";
L_00000129f965bbb0 .functor OR 1, L_00000129f965b520, L_00000129f965ba60, C4<0>, C4<0>;
v00000129f9638b00_0 .net "S", 0 0, L_00000129f965c160;  1 drivers
v00000129f9639140_0 .net "a", 0 0, L_00000129f9654220;  1 drivers
v00000129f9638ba0_0 .net "b", 0 0, L_00000129f9654900;  1 drivers
v00000129f9638ce0_0 .net "c", 0 0, L_00000129f965bbb0;  1 drivers
v00000129f963cb40_0 .net "carry_1", 0 0, L_00000129f965b520;  1 drivers
v00000129f963c640_0 .net "carry_2", 0 0, L_00000129f965ba60;  1 drivers
v00000129f963cfa0_0 .net "cin", 0 0, L_00000129f96545e0;  1 drivers
v00000129f963ce60_0 .net "sum_1", 0 0, L_00000129f965b600;  1 drivers
S_00000129f963a800 .scope module, "ha1" "half_adder" 3 20, 3 1 0, S_00000129f963bf70;
 .timescale 0 0;
    .port_info 0 /INPUT 1 "a";
    .port_info 1 /INPUT 1 "b";
    .port_info 2 /OUTPUT 1 "S";
    .port_info 3 /OUTPUT 1 "c";
L_00000129f965b600 .functor XOR 1, L_00000129f9654220, L_00000129f9654900, C4<0>, C4<0>;
L_00000129f965b520 .functor AND 1, L_00000129f9654220, L_00000129f9654900, C4<1>, C4<1>;
v00000129f9639aa0_0 .net "S", 0 0, L_00000129f965b600;  alias, 1 drivers
v00000129f9639f00_0 .net "a", 0 0, L_00000129f9654220;  alias, 1 drivers
v00000129f963a040_0 .net "b", 0 0, L_00000129f9654900;  alias, 1 drivers
v00000129f9639fa0_0 .net "c", 0 0, L_00000129f965b520;  alias, 1 drivers
S_00000129f963a350 .scope module, "ha2" "half_adder" 3 21, 3 1 0, S_00000129f963bf70;
 .timescale 0 0;
    .port_info 0 /INPUT 1 "a";
    .port_info 1 /INPUT 1 "b";
    .port_info 2 /OUTPUT 1 "S";
    .port_info 3 /OUTPUT 1 "c";
L_00000129f965c160 .functor XOR 1, L_00000129f965b600, L_00000129f96545e0, C4<0>, C4<0>;
L_00000129f965ba60 .functor AND 1, L_00000129f965b600, L_00000129f96545e0, C4<1>, C4<1>;
v00000129f96389c0_0 .net "S", 0 0, L_00000129f965c160;  alias, 1 drivers
v00000129f9638a60_0 .net "a", 0 0, L_00000129f965b600;  alias, 1 drivers
v00000129f9638f60_0 .net "b", 0 0, L_00000129f96545e0;  alias, 1 drivers
v00000129f96390a0_0 .net "c", 0 0, L_00000129f965ba60;  alias, 1 drivers
S_00000129f963a1c0 .scope generate, "genblk1[24]" "genblk1[24]" 3 40, 3 40 0, S_00000129f95d4880;
 .timescale 0 0;
P_00000129f95b8bb0 .param/l "i" 0 3 40, +C4<011000>;
S_00000129f963a990 .scope module, "fi" "full_adder" 3 42, 3 11 0, S_00000129f963a1c0;
 .timescale 0 0;
    .port_info 0 /INPUT 1 "a";
    .port_info 1 /INPUT 1 "b";
    .port_info 2 /INPUT 1 "cin";
    .port_info 3 /OUTPUT 1 "S";
    .port_info 4 /OUTPUT 1 "c";
L_00000129f965bec0 .functor OR 1, L_00000129f965b910, L_00000129f965b980, C4<0>, C4<0>;
v00000129f963c280_0 .net "S", 0 0, L_00000129f965bb40;  1 drivers
v00000129f963d360_0 .net "a", 0 0, L_00000129f9654fe0;  1 drivers
v00000129f963d180_0 .net "b", 0 0, L_00000129f9655440;  1 drivers
v00000129f963c6e0_0 .net "c", 0 0, L_00000129f965bec0;  1 drivers
v00000129f963caa0_0 .net "carry_1", 0 0, L_00000129f965b910;  1 drivers
v00000129f963d220_0 .net "carry_2", 0 0, L_00000129f965b980;  1 drivers
v00000129f963dae0_0 .net "cin", 0 0, L_00000129f9655300;  1 drivers
v00000129f963c780_0 .net "sum_1", 0 0, L_00000129f965b8a0;  1 drivers
S_00000129f963ab20 .scope module, "ha1" "half_adder" 3 20, 3 1 0, S_00000129f963a990;
 .timescale 0 0;
    .port_info 0 /INPUT 1 "a";
    .port_info 1 /INPUT 1 "b";
    .port_info 2 /OUTPUT 1 "S";
    .port_info 3 /OUTPUT 1 "c";
L_00000129f965b8a0 .functor XOR 1, L_00000129f9654fe0, L_00000129f9655440, C4<0>, C4<0>;
L_00000129f965b910 .functor AND 1, L_00000129f9654fe0, L_00000129f9655440, C4<1>, C4<1>;
v00000129f963c1e0_0 .net "S", 0 0, L_00000129f965b8a0;  alias, 1 drivers
v00000129f963da40_0 .net "a", 0 0, L_00000129f9654fe0;  alias, 1 drivers
v00000129f963df40_0 .net "b", 0 0, L_00000129f9655440;  alias, 1 drivers
v00000129f963d400_0 .net "c", 0 0, L_00000129f965b910;  alias, 1 drivers
S_00000129f963ae40 .scope module, "ha2" "half_adder" 3 21, 3 1 0, S_00000129f963a990;
 .timescale 0 0;
    .port_info 0 /INPUT 1 "a";
    .port_info 1 /INPUT 1 "b";
    .port_info 2 /OUTPUT 1 "S";
    .port_info 3 /OUTPUT 1 "c";
L_00000129f965bb40 .functor XOR 1, L_00000129f965b8a0, L_00000129f9655300, C4<0>, C4<0>;
L_00000129f965b980 .functor AND 1, L_00000129f965b8a0, L_00000129f9655300, C4<1>, C4<1>;
v00000129f963c3c0_0 .net "S", 0 0, L_00000129f965bb40;  alias, 1 drivers
v00000129f963dd60_0 .net "a", 0 0, L_00000129f965b8a0;  alias, 1 drivers
v00000129f963cf00_0 .net "b", 0 0, L_00000129f9655300;  alias, 1 drivers
v00000129f963e800_0 .net "c", 0 0, L_00000129f965b980;  alias, 1 drivers
S_00000129f963afd0 .scope generate, "genblk1[25]" "genblk1[25]" 3 40, 3 40 0, S_00000129f95d4880;
 .timescale 0 0;
P_00000129f95b8c70 .param/l "i" 0 3 40, +C4<011001>;
S_00000129f963b610 .scope module, "fi" "full_adder" 3 42, 3 11 0, S_00000129f963afd0;
 .timescale 0 0;
    .port_info 0 /INPUT 1 "a";
    .port_info 1 /INPUT 1 "b";
    .port_info 2 /INPUT 1 "cin";
    .port_info 3 /OUTPUT 1 "S";
    .port_info 4 /OUTPUT 1 "c";
L_00000129f965bf30 .functor OR 1, L_00000129f965b280, L_00000129f965b670, C4<0>, C4<0>;
v00000129f963e8a0_0 .net "S", 0 0, L_00000129f965b360;  1 drivers
v00000129f963d040_0 .net "a", 0 0, L_00000129f9654a40;  1 drivers
v00000129f963db80_0 .net "b", 0 0, L_00000129f9653aa0;  1 drivers
v00000129f963d540_0 .net "c", 0 0, L_00000129f965bf30;  1 drivers
v00000129f963d0e0_0 .net "carry_1", 0 0, L_00000129f965b280;  1 drivers
v00000129f963d5e0_0 .net "carry_2", 0 0, L_00000129f965b670;  1 drivers
v00000129f963d900_0 .net "cin", 0 0, L_00000129f96538c0;  1 drivers
v00000129f963d720_0 .net "sum_1", 0 0, L_00000129f965b4b0;  1 drivers
S_00000129f963b160 .scope module, "ha1" "half_adder" 3 20, 3 1 0, S_00000129f963b610;
 .timescale 0 0;
    .port_info 0 /INPUT 1 "a";
    .port_info 1 /INPUT 1 "b";
    .port_info 2 /OUTPUT 1 "S";
    .port_info 3 /OUTPUT 1 "c";
L_00000129f965b4b0 .functor XOR 1, L_00000129f9654a40, L_00000129f9653aa0, C4<0>, C4<0>;
L_00000129f965b280 .functor AND 1, L_00000129f9654a40, L_00000129f9653aa0, C4<1>, C4<1>;
v00000129f963d680_0 .net "S", 0 0, L_00000129f965b4b0;  alias, 1 drivers
v00000129f963d9a0_0 .net "a", 0 0, L_00000129f9654a40;  alias, 1 drivers
v00000129f963d2c0_0 .net "b", 0 0, L_00000129f9653aa0;  alias, 1 drivers
v00000129f963c960_0 .net "c", 0 0, L_00000129f965b280;  alias, 1 drivers
S_00000129f963b2f0 .scope module, "ha2" "half_adder" 3 21, 3 1 0, S_00000129f963b610;
 .timescale 0 0;
    .port_info 0 /INPUT 1 "a";
    .port_info 1 /INPUT 1 "b";
    .port_info 2 /OUTPUT 1 "S";
    .port_info 3 /OUTPUT 1 "c";
L_00000129f965b360 .functor XOR 1, L_00000129f965b4b0, L_00000129f96538c0, C4<0>, C4<0>;
L_00000129f965b670 .functor AND 1, L_00000129f965b4b0, L_00000129f96538c0, C4<1>, C4<1>;
v00000129f963d4a0_0 .net "S", 0 0, L_00000129f965b360;  alias, 1 drivers
v00000129f963ca00_0 .net "a", 0 0, L_00000129f965b4b0;  alias, 1 drivers
v00000129f963e440_0 .net "b", 0 0, L_00000129f96538c0;  alias, 1 drivers
v00000129f963e260_0 .net "c", 0 0, L_00000129f965b670;  alias, 1 drivers
S_00000129f963b480 .scope generate, "genblk1[26]" "genblk1[26]" 3 40, 3 40 0, S_00000129f95d4880;
 .timescale 0 0;
P_00000129f95b91f0 .param/l "i" 0 3 40, +C4<011010>;
S_00000129f9641e00 .scope module, "fi" "full_adder" 3 42, 3 11 0, S_00000129f963b480;
 .timescale 0 0;
    .port_info 0 /INPUT 1 "a";
    .port_info 1 /INPUT 1 "b";
    .port_info 2 /INPUT 1 "cin";
    .port_info 3 /OUTPUT 1 "S";
    .port_info 4 /OUTPUT 1 "c";
L_00000129f965bde0 .functor OR 1, L_00000129f965bd00, L_00000129f965b590, C4<0>, C4<0>;
v00000129f963dfe0_0 .net "S", 0 0, L_00000129f965bd70;  1 drivers
v00000129f963dcc0_0 .net "a", 0 0, L_00000129f9655940;  1 drivers
v00000129f963e580_0 .net "b", 0 0, L_00000129f96536e0;  1 drivers
v00000129f963de00_0 .net "c", 0 0, L_00000129f965bde0;  1 drivers
v00000129f963c320_0 .net "carry_1", 0 0, L_00000129f965bd00;  1 drivers
v00000129f963cc80_0 .net "carry_2", 0 0, L_00000129f965b590;  1 drivers
v00000129f963dea0_0 .net "cin", 0 0, L_00000129f9654720;  1 drivers
v00000129f963e080_0 .net "sum_1", 0 0, L_00000129f965bc20;  1 drivers
S_00000129f9640ff0 .scope module, "ha1" "half_adder" 3 20, 3 1 0, S_00000129f9641e00;
 .timescale 0 0;
    .port_info 0 /INPUT 1 "a";
    .port_info 1 /INPUT 1 "b";
    .port_info 2 /OUTPUT 1 "S";
    .port_info 3 /OUTPUT 1 "c";
L_00000129f965bc20 .functor XOR 1, L_00000129f9655940, L_00000129f96536e0, C4<0>, C4<0>;
L_00000129f965bd00 .functor AND 1, L_00000129f9655940, L_00000129f96536e0, C4<1>, C4<1>;
v00000129f963c820_0 .net "S", 0 0, L_00000129f965bc20;  alias, 1 drivers
v00000129f963d7c0_0 .net "a", 0 0, L_00000129f9655940;  alias, 1 drivers
v00000129f963d860_0 .net "b", 0 0, L_00000129f96536e0;  alias, 1 drivers
v00000129f963dc20_0 .net "c", 0 0, L_00000129f965bd00;  alias, 1 drivers
S_00000129f9640370 .scope module, "ha2" "half_adder" 3 21, 3 1 0, S_00000129f9641e00;
 .timescale 0 0;
    .port_info 0 /INPUT 1 "a";
    .port_info 1 /INPUT 1 "b";
    .port_info 2 /OUTPUT 1 "S";
    .port_info 3 /OUTPUT 1 "c";
L_00000129f965bd70 .functor XOR 1, L_00000129f965bc20, L_00000129f9654720, C4<0>, C4<0>;
L_00000129f965b590 .functor AND 1, L_00000129f965bc20, L_00000129f9654720, C4<1>, C4<1>;
v00000129f963cbe0_0 .net "S", 0 0, L_00000129f965bd70;  alias, 1 drivers
v00000129f963cd20_0 .net "a", 0 0, L_00000129f965bc20;  alias, 1 drivers
v00000129f963c8c0_0 .net "b", 0 0, L_00000129f9654720;  alias, 1 drivers
v00000129f963e940_0 .net "c", 0 0, L_00000129f965b590;  alias, 1 drivers
S_00000129f9641c70 .scope generate, "genblk1[27]" "genblk1[27]" 3 40, 3 40 0, S_00000129f95d4880;
 .timescale 0 0;
P_00000129f95b9830 .param/l "i" 0 3 40, +C4<011011>;
S_00000129f9641f90 .scope module, "fi" "full_adder" 3 42, 3 11 0, S_00000129f9641c70;
 .timescale 0 0;
    .port_info 0 /INPUT 1 "a";
    .port_info 1 /INPUT 1 "b";
    .port_info 2 /INPUT 1 "cin";
    .port_info 3 /OUTPUT 1 "S";
    .port_info 4 /OUTPUT 1 "c";
L_00000129f965c010 .functor OR 1, L_00000129f965bfa0, L_00000129f965be50, C4<0>, C4<0>;
v00000129f963e620_0 .net "S", 0 0, L_00000129f965b7c0;  1 drivers
v00000129f963e6c0_0 .net "a", 0 0, L_00000129f9655760;  1 drivers
v00000129f963e760_0 .net "b", 0 0, L_00000129f9654c20;  1 drivers
v00000129f963c5a0_0 .net "c", 0 0, L_00000129f965c010;  1 drivers
v00000129f963fca0_0 .net "carry_1", 0 0, L_00000129f965bfa0;  1 drivers
v00000129f963fac0_0 .net "carry_2", 0 0, L_00000129f965be50;  1 drivers
v00000129f963ee40_0 .net "cin", 0 0, L_00000129f96542c0;  1 drivers
v00000129f963eee0_0 .net "sum_1", 0 0, L_00000129f965b6e0;  1 drivers
S_00000129f9641630 .scope module, "ha1" "half_adder" 3 20, 3 1 0, S_00000129f9641f90;
 .timescale 0 0;
    .port_info 0 /INPUT 1 "a";
    .port_info 1 /INPUT 1 "b";
    .port_info 2 /OUTPUT 1 "S";
    .port_info 3 /OUTPUT 1 "c";
L_00000129f965b6e0 .functor XOR 1, L_00000129f9655760, L_00000129f9654c20, C4<0>, C4<0>;
L_00000129f965bfa0 .functor AND 1, L_00000129f9655760, L_00000129f9654c20, C4<1>, C4<1>;
v00000129f963c460_0 .net "S", 0 0, L_00000129f965b6e0;  alias, 1 drivers
v00000129f963e120_0 .net "a", 0 0, L_00000129f9655760;  alias, 1 drivers
v00000129f963cdc0_0 .net "b", 0 0, L_00000129f9654c20;  alias, 1 drivers
v00000129f963e1c0_0 .net "c", 0 0, L_00000129f965bfa0;  alias, 1 drivers
S_00000129f9641950 .scope module, "ha2" "half_adder" 3 21, 3 1 0, S_00000129f9641f90;
 .timescale 0 0;
    .port_info 0 /INPUT 1 "a";
    .port_info 1 /INPUT 1 "b";
    .port_info 2 /OUTPUT 1 "S";
    .port_info 3 /OUTPUT 1 "c";
L_00000129f965b7c0 .functor XOR 1, L_00000129f965b6e0, L_00000129f96542c0, C4<0>, C4<0>;
L_00000129f965be50 .functor AND 1, L_00000129f965b6e0, L_00000129f96542c0, C4<1>, C4<1>;
v00000129f963c500_0 .net "S", 0 0, L_00000129f965b7c0;  alias, 1 drivers
v00000129f963e300_0 .net "a", 0 0, L_00000129f965b6e0;  alias, 1 drivers
v00000129f963e3a0_0 .net "b", 0 0, L_00000129f96542c0;  alias, 1 drivers
v00000129f963e4e0_0 .net "c", 0 0, L_00000129f965be50;  alias, 1 drivers
S_00000129f9640820 .scope generate, "genblk1[28]" "genblk1[28]" 3 40, 3 40 0, S_00000129f95d4880;
 .timescale 0 0;
P_00000129f95b93f0 .param/l "i" 0 3 40, +C4<011100>;
S_00000129f96401e0 .scope module, "fi" "full_adder" 3 42, 3 11 0, S_00000129f9640820;
 .timescale 0 0;
    .port_info 0 /INPUT 1 "a";
    .port_info 1 /INPUT 1 "b";
    .port_info 2 /INPUT 1 "cin";
    .port_info 3 /OUTPUT 1 "S";
    .port_info 4 /OUTPUT 1 "c";
L_00000129f965dcd0 .functor OR 1, L_00000129f965c080, L_00000129f965cc30, C4<0>, C4<0>;
v00000129f963ffc0_0 .net "S", 0 0, L_00000129f965b3d0;  1 drivers
v00000129f963f200_0 .net "a", 0 0, L_00000129f9655260;  1 drivers
v00000129f963f160_0 .net "b", 0 0, L_00000129f9655080;  1 drivers
v00000129f963f8e0_0 .net "c", 0 0, L_00000129f965dcd0;  1 drivers
v00000129f963eb20_0 .net "carry_1", 0 0, L_00000129f965c080;  1 drivers
v00000129f963fe80_0 .net "carry_2", 0 0, L_00000129f965cc30;  1 drivers
v00000129f963f2a0_0 .net "cin", 0 0, L_00000129f9654680;  1 drivers
v00000129f963f7a0_0 .net "sum_1", 0 0, L_00000129f965c0f0;  1 drivers
S_00000129f9640500 .scope module, "ha1" "half_adder" 3 20, 3 1 0, S_00000129f96401e0;
 .timescale 0 0;
    .port_info 0 /INPUT 1 "a";
    .port_info 1 /INPUT 1 "b";
    .port_info 2 /OUTPUT 1 "S";
    .port_info 3 /OUTPUT 1 "c";
L_00000129f965c0f0 .functor XOR 1, L_00000129f9655260, L_00000129f9655080, C4<0>, C4<0>;
L_00000129f965c080 .functor AND 1, L_00000129f9655260, L_00000129f9655080, C4<1>, C4<1>;
v00000129f963ec60_0 .net "S", 0 0, L_00000129f965c0f0;  alias, 1 drivers
v00000129f963fd40_0 .net "a", 0 0, L_00000129f9655260;  alias, 1 drivers
v00000129f963fde0_0 .net "b", 0 0, L_00000129f9655080;  alias, 1 drivers
v00000129f963f5c0_0 .net "c", 0 0, L_00000129f965c080;  alias, 1 drivers
S_00000129f9640e60 .scope module, "ha2" "half_adder" 3 21, 3 1 0, S_00000129f96401e0;
 .timescale 0 0;
    .port_info 0 /INPUT 1 "a";
    .port_info 1 /INPUT 1 "b";
    .port_info 2 /OUTPUT 1 "S";
    .port_info 3 /OUTPUT 1 "c";
L_00000129f965b3d0 .functor XOR 1, L_00000129f965c0f0, L_00000129f9654680, C4<0>, C4<0>;
L_00000129f965cc30 .functor AND 1, L_00000129f965c0f0, L_00000129f9654680, C4<1>, C4<1>;
v00000129f963fb60_0 .net "S", 0 0, L_00000129f965b3d0;  alias, 1 drivers
v00000129f963ef80_0 .net "a", 0 0, L_00000129f965c0f0;  alias, 1 drivers
v00000129f963f0c0_0 .net "b", 0 0, L_00000129f9654680;  alias, 1 drivers
v00000129f963f020_0 .net "c", 0 0, L_00000129f965cc30;  alias, 1 drivers
S_00000129f9640690 .scope generate, "genblk1[29]" "genblk1[29]" 3 40, 3 40 0, S_00000129f95d4880;
 .timescale 0 0;
P_00000129f95b92b0 .param/l "i" 0 3 40, +C4<011101>;
S_00000129f9640b40 .scope module, "fi" "full_adder" 3 42, 3 11 0, S_00000129f9640690;
 .timescale 0 0;
    .port_info 0 /INPUT 1 "a";
    .port_info 1 /INPUT 1 "b";
    .port_info 2 /INPUT 1 "cin";
    .port_info 3 /OUTPUT 1 "S";
    .port_info 4 /OUTPUT 1 "c";
L_00000129f965cdf0 .functor OR 1, L_00000129f965ca70, L_00000129f965cd10, C4<0>, C4<0>;
v00000129f963f840_0 .net "S", 0 0, L_00000129f965d410;  1 drivers
v00000129f963ed00_0 .net "a", 0 0, L_00000129f9653500;  1 drivers
v00000129f963f980_0 .net "b", 0 0, L_00000129f9654360;  1 drivers
v00000129f963fa20_0 .net "c", 0 0, L_00000129f965cdf0;  1 drivers
v00000129f963ff20_0 .net "carry_1", 0 0, L_00000129f965ca70;  1 drivers
v00000129f963e9e0_0 .net "carry_2", 0 0, L_00000129f965cd10;  1 drivers
v00000129f963ea80_0 .net "cin", 0 0, L_00000129f9653320;  1 drivers
v00000129f963ebc0_0 .net "sum_1", 0 0, L_00000129f965c530;  1 drivers
S_00000129f96414a0 .scope module, "ha1" "half_adder" 3 20, 3 1 0, S_00000129f9640b40;
 .timescale 0 0;
    .port_info 0 /INPUT 1 "a";
    .port_info 1 /INPUT 1 "b";
    .port_info 2 /OUTPUT 1 "S";
    .port_info 3 /OUTPUT 1 "c";
L_00000129f965c530 .functor XOR 1, L_00000129f9653500, L_00000129f9654360, C4<0>, C4<0>;
L_00000129f965ca70 .functor AND 1, L_00000129f9653500, L_00000129f9654360, C4<1>, C4<1>;
v00000129f963fc00_0 .net "S", 0 0, L_00000129f965c530;  alias, 1 drivers
v00000129f963f3e0_0 .net "a", 0 0, L_00000129f9653500;  alias, 1 drivers
v00000129f963f480_0 .net "b", 0 0, L_00000129f9654360;  alias, 1 drivers
v00000129f963f340_0 .net "c", 0 0, L_00000129f965ca70;  alias, 1 drivers
S_00000129f9641ae0 .scope module, "ha2" "half_adder" 3 21, 3 1 0, S_00000129f9640b40;
 .timescale 0 0;
    .port_info 0 /INPUT 1 "a";
    .port_info 1 /INPUT 1 "b";
    .port_info 2 /OUTPUT 1 "S";
    .port_info 3 /OUTPUT 1 "c";
L_00000129f965d410 .functor XOR 1, L_00000129f965c530, L_00000129f9653320, C4<0>, C4<0>;
L_00000129f965cd10 .functor AND 1, L_00000129f965c530, L_00000129f9653320, C4<1>, C4<1>;
v00000129f963f520_0 .net "S", 0 0, L_00000129f965d410;  alias, 1 drivers
v00000129f9640060_0 .net "a", 0 0, L_00000129f965c530;  alias, 1 drivers
v00000129f963f660_0 .net "b", 0 0, L_00000129f9653320;  alias, 1 drivers
v00000129f963f700_0 .net "c", 0 0, L_00000129f965cd10;  alias, 1 drivers
S_00000129f96409b0 .scope generate, "genblk1[30]" "genblk1[30]" 3 40, 3 40 0, S_00000129f95d4880;
 .timescale 0 0;
P_00000129f95b8b30 .param/l "i" 0 3 40, +C4<011110>;
S_00000129f9640cd0 .scope module, "fi" "full_adder" 3 42, 3 11 0, S_00000129f96409b0;
 .timescale 0 0;
    .port_info 0 /INPUT 1 "a";
    .port_info 1 /INPUT 1 "b";
    .port_info 2 /INPUT 1 "cin";
    .port_info 3 /OUTPUT 1 "S";
    .port_info 4 /OUTPUT 1 "c";
L_00000129f965d9c0 .functor OR 1, L_00000129f965d170, L_00000129f965cf40, C4<0>, C4<0>;
v00000129f96422a0_0 .net "S", 0 0, L_00000129f965cb50;  1 drivers
v00000129f9643920_0 .net "a", 0 0, L_00000129f9653780;  1 drivers
v00000129f9642de0_0 .net "b", 0 0, L_00000129f9653fa0;  1 drivers
v00000129f9642a20_0 .net "c", 0 0, L_00000129f965d9c0;  1 drivers
v00000129f96434c0_0 .net "carry_1", 0 0, L_00000129f965d170;  1 drivers
v00000129f96445a0_0 .net "carry_2", 0 0, L_00000129f965cf40;  1 drivers
v00000129f96440a0_0 .net "cin", 0 0, L_00000129f9654400;  1 drivers
v00000129f96439c0_0 .net "sum_1", 0 0, L_00000129f965d6b0;  1 drivers
S_00000129f9641180 .scope module, "ha1" "half_adder" 3 20, 3 1 0, S_00000129f9640cd0;
 .timescale 0 0;
    .port_info 0 /INPUT 1 "a";
    .port_info 1 /INPUT 1 "b";
    .port_info 2 /OUTPUT 1 "S";
    .port_info 3 /OUTPUT 1 "c";
L_00000129f965d6b0 .functor XOR 1, L_00000129f9653780, L_00000129f9653fa0, C4<0>, C4<0>;
L_00000129f965d170 .functor AND 1, L_00000129f9653780, L_00000129f9653fa0, C4<1>, C4<1>;
v00000129f963eda0_0 .net "S", 0 0, L_00000129f965d6b0;  alias, 1 drivers
v00000129f9643880_0 .net "a", 0 0, L_00000129f9653780;  alias, 1 drivers
v00000129f9643d80_0 .net "b", 0 0, L_00000129f9653fa0;  alias, 1 drivers
v00000129f9642700_0 .net "c", 0 0, L_00000129f965d170;  alias, 1 drivers
S_00000129f9641310 .scope module, "ha2" "half_adder" 3 21, 3 1 0, S_00000129f9640cd0;
 .timescale 0 0;
    .port_info 0 /INPUT 1 "a";
    .port_info 1 /INPUT 1 "b";
    .port_info 2 /OUTPUT 1 "S";
    .port_info 3 /OUTPUT 1 "c";
L_00000129f965cb50 .functor XOR 1, L_00000129f965d6b0, L_00000129f9654400, C4<0>, C4<0>;
L_00000129f965cf40 .functor AND 1, L_00000129f965d6b0, L_00000129f9654400, C4<1>, C4<1>;
v00000129f96443c0_0 .net "S", 0 0, L_00000129f965cb50;  alias, 1 drivers
v00000129f9643e20_0 .net "a", 0 0, L_00000129f965d6b0;  alias, 1 drivers
v00000129f9644500_0 .net "b", 0 0, L_00000129f9654400;  alias, 1 drivers
v00000129f96448c0_0 .net "c", 0 0, L_00000129f965cf40;  alias, 1 drivers
S_00000129f96417c0 .scope generate, "genblk1[31]" "genblk1[31]" 3 40, 3 40 0, S_00000129f95d4880;
 .timescale 0 0;
P_00000129f95b8f30 .param/l "i" 0 3 40, +C4<011111>;
S_00000129f9647010 .scope module, "fi" "full_adder" 3 42, 3 11 0, S_00000129f96417c0;
 .timescale 0 0;
    .port_info 0 /INPUT 1 "a";
    .port_info 1 /INPUT 1 "b";
    .port_info 2 /INPUT 1 "cin";
    .port_info 3 /OUTPUT 1 "S";
    .port_info 4 /OUTPUT 1 "c";
L_00000129f965d1e0 .functor OR 1, L_00000129f965cbc0, L_00000129f965c610, C4<0>, C4<0>;
v00000129f9644960_0 .net "S", 0 0, L_00000129f965ced0;  1 drivers
v00000129f96441e0_0 .net "a", 0 0, L_00000129f9654040;  1 drivers
v00000129f9644280_0 .net "b", 0 0, L_00000129f96549a0;  1 drivers
v00000129f9642980_0 .net "c", 0 0, L_00000129f965d1e0;  1 drivers
v00000129f96427a0_0 .net "carry_1", 0 0, L_00000129f965cbc0;  1 drivers
v00000129f9642d40_0 .net "carry_2", 0 0, L_00000129f965c610;  1 drivers
v00000129f9642660_0 .net "cin", 0 0, L_00000129f96540e0;  1 drivers
v00000129f9642b60_0 .net "sum_1", 0 0, L_00000129f965c920;  1 drivers
S_00000129f9647fb0 .scope module, "ha1" "half_adder" 3 20, 3 1 0, S_00000129f9647010;
 .timescale 0 0;
    .port_info 0 /INPUT 1 "a";
    .port_info 1 /INPUT 1 "b";
    .port_info 2 /OUTPUT 1 "S";
    .port_info 3 /OUTPUT 1 "c";
L_00000129f965c920 .functor XOR 1, L_00000129f9654040, L_00000129f96549a0, C4<0>, C4<0>;
L_00000129f965cbc0 .functor AND 1, L_00000129f9654040, L_00000129f96549a0, C4<1>, C4<1>;
v00000129f9643600_0 .net "S", 0 0, L_00000129f965c920;  alias, 1 drivers
v00000129f9644320_0 .net "a", 0 0, L_00000129f9654040;  alias, 1 drivers
v00000129f9644000_0 .net "b", 0 0, L_00000129f96549a0;  alias, 1 drivers
v00000129f9642fc0_0 .net "c", 0 0, L_00000129f965cbc0;  alias, 1 drivers
S_00000129f9646b60 .scope module, "ha2" "half_adder" 3 21, 3 1 0, S_00000129f9647010;
 .timescale 0 0;
    .port_info 0 /INPUT 1 "a";
    .port_info 1 /INPUT 1 "b";
    .port_info 2 /OUTPUT 1 "S";
    .port_info 3 /OUTPUT 1 "c";
L_00000129f965ced0 .functor XOR 1, L_00000129f965c920, L_00000129f96540e0, C4<0>, C4<0>;
L_00000129f965c610 .functor AND 1, L_00000129f965c920, L_00000129f96540e0, C4<1>, C4<1>;
v00000129f9643a60_0 .net "S", 0 0, L_00000129f965ced0;  alias, 1 drivers
v00000129f96432e0_0 .net "a", 0 0, L_00000129f965c920;  alias, 1 drivers
v00000129f9644140_0 .net "b", 0 0, L_00000129f96540e0;  alias, 1 drivers
v00000129f9644640_0 .net "c", 0 0, L_00000129f965c610;  alias, 1 drivers
    .scope S_00000129f95d46f0;
T_0 ;
    %pushi/vec4 0, 0, 32;
    %store/vec4 v00000129f9643060_0, 0, 32;
    %pushi/vec4 0, 0, 32;
    %store/vec4 v00000129f96436a0_0, 0, 32;
    %pushi/vec4 0, 0, 1;
    %store/vec4 v00000129f9643ba0_0, 0, 1;
    %end;
    .thread T_0;
    .scope S_00000129f95d46f0;
T_1 ;
    %delay 2000, 0;
    %load/vec4 v00000129f96436a0_0;
    %addi 11, 0, 32;
    %store/vec4 v00000129f96436a0_0, 0, 32;
    %jmp T_1;
    .thread T_1;
    .scope S_00000129f95d46f0;
T_2 ;
    %delay 3000, 0;
    %load/vec4 v00000129f9643060_0;
    %addi 12, 0, 32;
    %store/vec4 v00000129f9643060_0, 0, 32;
    %jmp T_2;
    .thread T_2;
    .scope S_00000129f95d46f0;
T_3 ;
    %delay 10000, 0;
    %load/vec4 v00000129f9643ba0_0;
    %inv;
    %store/vec4 v00000129f9643ba0_0, 0, 1;
    %jmp T_3;
    .thread T_3;
    .scope S_00000129f95d46f0;
T_4 ;
    %vpi_call 2 33 "$monitor", "a=%d,b=%d,cin=%b,S=%d,c=%b", v00000129f9643060_0, v00000129f96436a0_0, v00000129f9643ba0_0, v00000129f9644820_0, v00000129f9643100_0 {0 0 0};
    %end;
    .thread T_4;
    .scope S_00000129f95d46f0;
T_5 ;
    %delay 200000, 0;
    %vpi_call 2 37 "$finish" {0 0 0};
    %end;
    .thread T_5;
    .scope S_00000129f95d46f0;
T_6 ;
    %vpi_call 2 42 "$dumpfile", "rca_32bit.vcd" {0 0 0};
    %vpi_call 2 43 "$dumpvars", 32'sb00000000000000000000000000000000, S_00000129f95d46f0 {0 0 0};
    %end;
    .thread T_6;
# The file index is used to find the file name in the following table.
:file_names 4;
    "N/A";
    "<interactive>";
    ".\tb_rca_32bit.v";
    ".\rca_Nbit.v";
